[0.661s] Invoking command in '/home/astralgenius/workspace/isaac-sim-robot-control/ros2_ws/build/robot_bringup': DEBUGINFOD_URLS=https://debuginfod.ubuntu.com PYTHONPATH=/home/astralgenius/workspace/isaac-sim-robot-control/ros2_ws/build/robot_bringup/prefix_override:/usr/lib/python3/dist-packages/colcon_core/task/python/colcon_distutils_commands:/home/astralgenius/workspace/isaac-sim-robot-control/ros2_ws/install/robot_bringup/lib/python3.12/site-packages:${PYTHONPATH} /usr/bin/python3 -W ignore:setup.py install is deprecated -W ignore:easy_install command is deprecated setup.py develop --editable --build-directory /home/astralgenius/workspace/isaac-sim-robot-control/ros2_ws/build/robot_bringup/build --no-deps symlink_data
[0.817s] running develop
[0.907s] running egg_info
[0.908s] creating robot_bringup.egg-info
[0.916s] writing robot_bringup.egg-info/PKG-INFO
[0.916s] writing dependency_links to robot_bringup.egg-info/dependency_links.txt
[0.916s] writing requirements to robot_bringup.egg-info/requires.txt
[0.916s] writing top-level names to robot_bringup.egg-info/top_level.txt
[0.916s] writing manifest file 'robot_bringup.egg-info/SOURCES.txt'
[0.932s] reading manifest file 'robot_bringup.egg-info/SOURCES.txt'
[0.932s] writing manifest file 'robot_bringup.egg-info/SOURCES.txt'
[0.941s] running build_ext
[0.942s] Creating /home/astralgenius/workspace/isaac-sim-robot-control/ros2_ws/install/robot_bringup/lib/python3.12/site-packages/robot-bringup.egg-link (link to .)
[0.942s] 
[0.942s] Installed /home/astralgenius/workspace/isaac-sim-robot-control/ros2_ws/build/robot_bringup
[0.942s] running symlink_data
[0.943s] creating /home/astralgenius/workspace/isaac-sim-robot-control/ros2_ws/install/robot_bringup/share/ament_index
[0.943s] creating /home/astralgenius/workspace/isaac-sim-robot-control/ros2_ws/install/robot_bringup/share/ament_index/resource_index
[0.943s] creating /home/astralgenius/workspace/isaac-sim-robot-control/ros2_ws/install/robot_bringup/share/ament_index/resource_index/packages
[0.943s] symbolically linking /home/astralgenius/workspace/isaac-sim-robot-control/ros2_ws/build/robot_bringup/resource/robot_bringup -> /home/astralgenius/workspace/isaac-sim-robot-control/ros2_ws/install/robot_bringup/share/ament_index/resource_index/packages
[0.943s] symbolically linking /home/astralgenius/workspace/isaac-sim-robot-control/ros2_ws/build/robot_bringup/package.xml -> /home/astralgenius/workspace/isaac-sim-robot-control/ros2_ws/install/robot_bringup/share/robot_bringup
[0.970s] Invoked command in '/home/astralgenius/workspace/isaac-sim-robot-control/ros2_ws/build/robot_bringup' returned '0': DEBUGINFOD_URLS=https://debuginfod.ubuntu.com PYTHONPATH=/home/astralgenius/workspace/isaac-sim-robot-control/ros2_ws/build/robot_bringup/prefix_override:/usr/lib/python3/dist-packages/colcon_core/task/python/colcon_distutils_commands:/home/astralgenius/workspace/isaac-sim-robot-control/ros2_ws/install/robot_bringup/lib/python3.12/site-packages:${PYTHONPATH} /usr/bin/python3 -W ignore:setup.py install is deprecated -W ignore:easy_install command is deprecated setup.py develop --editable --build-directory /home/astralgenius/workspace/isaac-sim-robot-control/ros2_ws/build/robot_bringup/build --no-deps symlink_data
