[0.047s] DEBUG:colcon:Command line arguments: ['/usr/bin/colcon', 'build', '--symlink-install']
[0.047s] DEBUG:colcon:Parsed command line arguments: Namespace(log_base=None, log_level=None, verb_name='build', build_base='build', install_base='install', merge_install=False, symlink_install=True, test_result_base=None, continue_on_error=False, executor='parallel', parallel_workers=16, event_handlers=None, ignore_user_meta=False, metas=['./colcon.meta'], base_paths=['.'], packages_ignore=None, packages_ignore_regex=None, paths=None, packages_up_to=None, packages_up_to_regex=None, packages_above=None, packages_above_and_dependencies=None, packages_above_depth=None, packages_select_by_dep=None, packages_skip_by_dep=None, packages_skip_up_to=None, packages_select_build_failed=False, packages_skip_build_finished=False, packages_select_test_failures=False, packages_skip_test_passed=False, packages_select=None, packages_skip=None, packages_select_regex=None, packages_skip_regex=None, packages_start=None, packages_end=None, allow_overriding=[], cmake_args=None, cmake_target=None, cmake_target_skip_unavailable=False, cmake_clean_cache=False, cmake_clean_first=False, cmake_force_configure=False, ament_cmake_args=None, catkin_cmake_args=None, catkin_skip_building_tests=False, mixin_files=None, mixin=None, verb_parser=<colcon_mixin.mixin.mixin_argument.MixinArgumentDecorator object at 0x787e2518c0b0>, verb_extension=<colcon_core.verb.build.BuildVerb object at 0x787e25167d10>, main=<bound method BuildVerb.main of <colcon_core.verb.build.BuildVerb object at 0x787e25167d10>>, mixin_verb=('build',))
[0.125s] Level 1:colcon.colcon_core.package_discovery:discover_packages(colcon_meta) check parameters
[0.125s] Level 1:colcon.colcon_core.package_discovery:discover_packages(recursive) check parameters
[0.125s] Level 1:colcon.colcon_core.package_discovery:discover_packages(ignore) check parameters
[0.125s] Level 1:colcon.colcon_core.package_discovery:discover_packages(path) check parameters
[0.125s] Level 1:colcon.colcon_core.package_discovery:discover_packages(colcon_meta) discover
[0.125s] Level 1:colcon.colcon_core.package_discovery:discover_packages(recursive) discover
[0.125s] INFO:colcon.colcon_core.package_discovery:Crawling recursively for packages in '/home/astralgenius/workspace/isaac-sim-robot-control/ros2_ws'
[0.125s] Level 1:colcon.colcon_core.package_identification:_identify(.) by extensions ['ignore', 'ignore_ament_install']
[0.125s] Level 1:colcon.colcon_core.package_identification:_identify(.) by extension 'ignore'
[0.125s] Level 1:colcon.colcon_core.package_identification:_identify(.) by extension 'ignore_ament_install'
[0.125s] Level 1:colcon.colcon_core.package_identification:_identify(.) by extensions ['colcon_pkg']
[0.125s] Level 1:colcon.colcon_core.package_identification:_identify(.) by extension 'colcon_pkg'
[0.125s] Level 1:colcon.colcon_core.package_identification:_identify(.) by extensions ['colcon_meta']
[0.125s] Level 1:colcon.colcon_core.package_identification:_identify(.) by extension 'colcon_meta'
[0.125s] Level 1:colcon.colcon_core.package_identification:_identify(.) by extensions ['ros']
[0.125s] Level 1:colcon.colcon_core.package_identification:_identify(.) by extension 'ros'
[0.137s] Level 1:colcon.colcon_core.package_identification:_identify(.) by extensions ['cmake', 'python']
[0.137s] Level 1:colcon.colcon_core.package_identification:_identify(.) by extension 'cmake'
[0.137s] Level 1:colcon.colcon_core.package_identification:_identify(.) by extension 'python'
[0.137s] Level 1:colcon.colcon_core.package_identification:_identify(.) by extensions ['python_setup_py']
[0.137s] Level 1:colcon.colcon_core.package_identification:_identify(.) by extension 'python_setup_py'
[0.137s] Level 1:colcon.colcon_core.package_identification:_identify(build) by extensions ['ignore', 'ignore_ament_install']
[0.138s] Level 1:colcon.colcon_core.package_identification:_identify(build) by extension 'ignore'
[0.138s] Level 1:colcon.colcon_core.package_identification:_identify(build) ignored
[0.138s] Level 1:colcon.colcon_core.package_identification:_identify(install) by extensions ['ignore', 'ignore_ament_install']
[0.138s] Level 1:colcon.colcon_core.package_identification:_identify(install) by extension 'ignore'
[0.138s] Level 1:colcon.colcon_core.package_identification:_identify(install) ignored
[0.138s] Level 1:colcon.colcon_core.package_identification:_identify(log) by extensions ['ignore', 'ignore_ament_install']
[0.138s] Level 1:colcon.colcon_core.package_identification:_identify(log) by extension 'ignore'
[0.138s] Level 1:colcon.colcon_core.package_identification:_identify(log) ignored
[0.138s] Level 1:colcon.colcon_core.package_identification:_identify(src) by extensions ['ignore', 'ignore_ament_install']
[0.138s] Level 1:colcon.colcon_core.package_identification:_identify(src) by extension 'ignore'
[0.138s] Level 1:colcon.colcon_core.package_identification:_identify(src) by extension 'ignore_ament_install'
[0.138s] Level 1:colcon.colcon_core.package_identification:_identify(src) by extensions ['colcon_pkg']
[0.138s] Level 1:colcon.colcon_core.package_identification:_identify(src) by extension 'colcon_pkg'
[0.138s] Level 1:colcon.colcon_core.package_identification:_identify(src) by extensions ['colcon_meta']
[0.138s] Level 1:colcon.colcon_core.package_identification:_identify(src) by extension 'colcon_meta'
[0.138s] Level 1:colcon.colcon_core.package_identification:_identify(src) by extensions ['ros']
[0.138s] Level 1:colcon.colcon_core.package_identification:_identify(src) by extension 'ros'
[0.138s] Level 1:colcon.colcon_core.package_identification:_identify(src) by extensions ['cmake', 'python']
[0.138s] Level 1:colcon.colcon_core.package_identification:_identify(src) by extension 'cmake'
[0.138s] Level 1:colcon.colcon_core.package_identification:_identify(src) by extension 'python'
[0.138s] Level 1:colcon.colcon_core.package_identification:_identify(src) by extensions ['python_setup_py']
[0.138s] Level 1:colcon.colcon_core.package_identification:_identify(src) by extension 'python_setup_py'
[0.138s] Level 1:colcon.colcon_core.package_identification:_identify(src/robot_bringup) by extensions ['ignore', 'ignore_ament_install']
[0.138s] Level 1:colcon.colcon_core.package_identification:_identify(src/robot_bringup) by extension 'ignore'
[0.138s] Level 1:colcon.colcon_core.package_identification:_identify(src/robot_bringup) by extension 'ignore_ament_install'
[0.138s] Level 1:colcon.colcon_core.package_identification:_identify(src/robot_bringup) by extensions ['colcon_pkg']
[0.138s] Level 1:colcon.colcon_core.package_identification:_identify(src/robot_bringup) by extension 'colcon_pkg'
[0.138s] Level 1:colcon.colcon_core.package_identification:_identify(src/robot_bringup) by extensions ['colcon_meta']
[0.138s] Level 1:colcon.colcon_core.package_identification:_identify(src/robot_bringup) by extension 'colcon_meta'
[0.138s] Level 1:colcon.colcon_core.package_identification:_identify(src/robot_bringup) by extensions ['ros']
[0.138s] Level 1:colcon.colcon_core.package_identification:_identify(src/robot_bringup) by extension 'ros'
[0.140s] DEBUG:colcon.colcon_core.package_identification:Package 'src/robot_bringup' with type 'ros.ament_python' and name 'robot_bringup'
[0.140s] Level 1:colcon.colcon_core.package_identification:_identify(src/robot_controller) by extensions ['ignore', 'ignore_ament_install']
[0.140s] Level 1:colcon.colcon_core.package_identification:_identify(src/robot_controller) by extension 'ignore'
[0.140s] Level 1:colcon.colcon_core.package_identification:_identify(src/robot_controller) by extension 'ignore_ament_install'
[0.140s] Level 1:colcon.colcon_core.package_identification:_identify(src/robot_controller) by extensions ['colcon_pkg']
[0.140s] Level 1:colcon.colcon_core.package_identification:_identify(src/robot_controller) by extension 'colcon_pkg'
[0.140s] Level 1:colcon.colcon_core.package_identification:_identify(src/robot_controller) by extensions ['colcon_meta']
[0.140s] Level 1:colcon.colcon_core.package_identification:_identify(src/robot_controller) by extension 'colcon_meta'
[0.140s] Level 1:colcon.colcon_core.package_identification:_identify(src/robot_controller) by extensions ['ros']
[0.140s] Level 1:colcon.colcon_core.package_identification:_identify(src/robot_controller) by extension 'ros'
[0.140s] DEBUG:colcon.colcon_core.package_identification:Package 'src/robot_controller' with type 'ros.ament_python' and name 'robot_controller'
[0.140s] Level 1:colcon.colcon_core.package_identification:_identify(src/robot_description) by extensions ['ignore', 'ignore_ament_install']
[0.140s] Level 1:colcon.colcon_core.package_identification:_identify(src/robot_description) by extension 'ignore'
[0.140s] Level 1:colcon.colcon_core.package_identification:_identify(src/robot_description) by extension 'ignore_ament_install'
[0.140s] Level 1:colcon.colcon_core.package_identification:_identify(src/robot_description) by extensions ['colcon_pkg']
[0.140s] Level 1:colcon.colcon_core.package_identification:_identify(src/robot_description) by extension 'colcon_pkg'
[0.140s] Level 1:colcon.colcon_core.package_identification:_identify(src/robot_description) by extensions ['colcon_meta']
[0.140s] Level 1:colcon.colcon_core.package_identification:_identify(src/robot_description) by extension 'colcon_meta'
[0.140s] Level 1:colcon.colcon_core.package_identification:_identify(src/robot_description) by extensions ['ros']
[0.140s] Level 1:colcon.colcon_core.package_identification:_identify(src/robot_description) by extension 'ros'
[0.141s] DEBUG:colcon.colcon_core.package_identification:Package 'src/robot_description' with type 'ros.ament_cmake' and name 'robot_description'
[0.141s] Level 1:colcon.colcon_core.package_identification:_identify(src/robot_simulation) by extensions ['ignore', 'ignore_ament_install']
[0.141s] Level 1:colcon.colcon_core.package_identification:_identify(src/robot_simulation) by extension 'ignore'
[0.141s] Level 1:colcon.colcon_core.package_identification:_identify(src/robot_simulation) by extension 'ignore_ament_install'
[0.141s] Level 1:colcon.colcon_core.package_identification:_identify(src/robot_simulation) by extensions ['colcon_pkg']
[0.141s] Level 1:colcon.colcon_core.package_identification:_identify(src/robot_simulation) by extension 'colcon_pkg'
[0.141s] Level 1:colcon.colcon_core.package_identification:_identify(src/robot_simulation) by extensions ['colcon_meta']
[0.141s] Level 1:colcon.colcon_core.package_identification:_identify(src/robot_simulation) by extension 'colcon_meta'
[0.141s] Level 1:colcon.colcon_core.package_identification:_identify(src/robot_simulation) by extensions ['ros']
[0.141s] Level 1:colcon.colcon_core.package_identification:_identify(src/robot_simulation) by extension 'ros'
[0.141s] DEBUG:colcon.colcon_core.package_identification:Package 'src/robot_simulation' with type 'ros.ament_python' and name 'robot_simulation'
[0.141s] Level 1:colcon.colcon_core.package_discovery:discover_packages(recursive) using defaults
[0.141s] Level 1:colcon.colcon_core.package_discovery:discover_packages(ignore) discover
[0.141s] Level 1:colcon.colcon_core.package_discovery:discover_packages(ignore) using defaults
[0.141s] Level 1:colcon.colcon_core.package_discovery:discover_packages(path) discover
[0.141s] Level 1:colcon.colcon_core.package_discovery:discover_packages(path) using defaults
[0.151s] Level 1:colcon.colcon_core.package_discovery:discover_packages(prefix_path) check parameters
[0.151s] Level 1:colcon.colcon_core.package_discovery:discover_packages(prefix_path) discover
[0.152s] DEBUG:colcon.colcon_installed_package_information.package_discovery:Found 287 installed packages in /opt/ros/jazzy
[0.152s] Level 1:colcon.colcon_core.package_discovery:discover_packages(prefix_path) using defaults
[0.168s] Level 5:colcon.colcon_core.verb:set package 'robot_bringup' build argument 'cmake_args' from command line to 'None'
[0.168s] Level 5:colcon.colcon_core.verb:set package 'robot_bringup' build argument 'cmake_target' from command line to 'None'
[0.168s] Level 5:colcon.colcon_core.verb:set package 'robot_bringup' build argument 'cmake_target_skip_unavailable' from command line to 'False'
[0.168s] Level 5:colcon.colcon_core.verb:set package 'robot_bringup' build argument 'cmake_clean_cache' from command line to 'False'
[0.168s] Level 5:colcon.colcon_core.verb:set package 'robot_bringup' build argument 'cmake_clean_first' from command line to 'False'
[0.168s] Level 5:colcon.colcon_core.verb:set package 'robot_bringup' build argument 'cmake_force_configure' from command line to 'False'
[0.168s] Level 5:colcon.colcon_core.verb:set package 'robot_bringup' build argument 'ament_cmake_args' from command line to 'None'
[0.168s] Level 5:colcon.colcon_core.verb:set package 'robot_bringup' build argument 'catkin_cmake_args' from command line to 'None'
[0.168s] Level 5:colcon.colcon_core.verb:set package 'robot_bringup' build argument 'catkin_skip_building_tests' from command line to 'False'
[0.168s] DEBUG:colcon.colcon_core.verb:Building package 'robot_bringup' with the following arguments: {'ament_cmake_args': None, 'build_base': '/home/astralgenius/workspace/isaac-sim-robot-control/ros2_ws/build/robot_bringup', 'catkin_cmake_args': None, 'catkin_skip_building_tests': False, 'cmake_args': None, 'cmake_clean_cache': False, 'cmake_clean_first': False, 'cmake_force_configure': False, 'cmake_target': None, 'cmake_target_skip_unavailable': False, 'install_base': '/home/astralgenius/workspace/isaac-sim-robot-control/ros2_ws/install/robot_bringup', 'merge_install': False, 'path': '/home/astralgenius/workspace/isaac-sim-robot-control/ros2_ws/src/robot_bringup', 'symlink_install': True, 'test_result_base': None}
[0.168s] Level 5:colcon.colcon_core.verb:set package 'robot_controller' build argument 'cmake_args' from command line to 'None'
[0.168s] Level 5:colcon.colcon_core.verb:set package 'robot_controller' build argument 'cmake_target' from command line to 'None'
[0.168s] Level 5:colcon.colcon_core.verb:set package 'robot_controller' build argument 'cmake_target_skip_unavailable' from command line to 'False'
[0.168s] Level 5:colcon.colcon_core.verb:set package 'robot_controller' build argument 'cmake_clean_cache' from command line to 'False'
[0.168s] Level 5:colcon.colcon_core.verb:set package 'robot_controller' build argument 'cmake_clean_first' from command line to 'False'
[0.168s] Level 5:colcon.colcon_core.verb:set package 'robot_controller' build argument 'cmake_force_configure' from command line to 'False'
[0.168s] Level 5:colcon.colcon_core.verb:set package 'robot_controller' build argument 'ament_cmake_args' from command line to 'None'
[0.168s] Level 5:colcon.colcon_core.verb:set package 'robot_controller' build argument 'catkin_cmake_args' from command line to 'None'
[0.168s] Level 5:colcon.colcon_core.verb:set package 'robot_controller' build argument 'catkin_skip_building_tests' from command line to 'False'
[0.168s] DEBUG:colcon.colcon_core.verb:Building package 'robot_controller' with the following arguments: {'ament_cmake_args': None, 'build_base': '/home/astralgenius/workspace/isaac-sim-robot-control/ros2_ws/build/robot_controller', 'catkin_cmake_args': None, 'catkin_skip_building_tests': False, 'cmake_args': None, 'cmake_clean_cache': False, 'cmake_clean_first': False, 'cmake_force_configure': False, 'cmake_target': None, 'cmake_target_skip_unavailable': False, 'install_base': '/home/astralgenius/workspace/isaac-sim-robot-control/ros2_ws/install/robot_controller', 'merge_install': False, 'path': '/home/astralgenius/workspace/isaac-sim-robot-control/ros2_ws/src/robot_controller', 'symlink_install': True, 'test_result_base': None}
[0.168s] Level 5:colcon.colcon_core.verb:set package 'robot_description' build argument 'cmake_args' from command line to 'None'
[0.168s] Level 5:colcon.colcon_core.verb:set package 'robot_description' build argument 'cmake_target' from command line to 'None'
[0.168s] Level 5:colcon.colcon_core.verb:set package 'robot_description' build argument 'cmake_target_skip_unavailable' from command line to 'False'
[0.168s] Level 5:colcon.colcon_core.verb:set package 'robot_description' build argument 'cmake_clean_cache' from command line to 'False'
[0.168s] Level 5:colcon.colcon_core.verb:set package 'robot_description' build argument 'cmake_clean_first' from command line to 'False'
[0.168s] Level 5:colcon.colcon_core.verb:set package 'robot_description' build argument 'cmake_force_configure' from command line to 'False'
[0.168s] Level 5:colcon.colcon_core.verb:set package 'robot_description' build argument 'ament_cmake_args' from command line to 'None'
[0.168s] Level 5:colcon.colcon_core.verb:set package 'robot_description' build argument 'catkin_cmake_args' from command line to 'None'
[0.168s] Level 5:colcon.colcon_core.verb:set package 'robot_description' build argument 'catkin_skip_building_tests' from command line to 'False'
[0.168s] DEBUG:colcon.colcon_core.verb:Building package 'robot_description' with the following arguments: {'ament_cmake_args': None, 'build_base': '/home/astralgenius/workspace/isaac-sim-robot-control/ros2_ws/build/robot_description', 'catkin_cmake_args': None, 'catkin_skip_building_tests': False, 'cmake_args': None, 'cmake_clean_cache': False, 'cmake_clean_first': False, 'cmake_force_configure': False, 'cmake_target': None, 'cmake_target_skip_unavailable': False, 'install_base': '/home/astralgenius/workspace/isaac-sim-robot-control/ros2_ws/install/robot_description', 'merge_install': False, 'path': '/home/astralgenius/workspace/isaac-sim-robot-control/ros2_ws/src/robot_description', 'symlink_install': True, 'test_result_base': None}
[0.168s] Level 5:colcon.colcon_core.verb:set package 'robot_simulation' build argument 'cmake_args' from command line to 'None'
[0.168s] Level 5:colcon.colcon_core.verb:set package 'robot_simulation' build argument 'cmake_target' from command line to 'None'
[0.168s] Level 5:colcon.colcon_core.verb:set package 'robot_simulation' build argument 'cmake_target_skip_unavailable' from command line to 'False'
[0.168s] Level 5:colcon.colcon_core.verb:set package 'robot_simulation' build argument 'cmake_clean_cache' from command line to 'False'
[0.168s] Level 5:colcon.colcon_core.verb:set package 'robot_simulation' build argument 'cmake_clean_first' from command line to 'False'
[0.168s] Level 5:colcon.colcon_core.verb:set package 'robot_simulation' build argument 'cmake_force_configure' from command line to 'False'
[0.168s] Level 5:colcon.colcon_core.verb:set package 'robot_simulation' build argument 'ament_cmake_args' from command line to 'None'
[0.168s] Level 5:colcon.colcon_core.verb:set package 'robot_simulation' build argument 'catkin_cmake_args' from command line to 'None'
[0.168s] Level 5:colcon.colcon_core.verb:set package 'robot_simulation' build argument 'catkin_skip_building_tests' from command line to 'False'
[0.168s] DEBUG:colcon.colcon_core.verb:Building package 'robot_simulation' with the following arguments: {'ament_cmake_args': None, 'build_base': '/home/astralgenius/workspace/isaac-sim-robot-control/ros2_ws/build/robot_simulation', 'catkin_cmake_args': None, 'catkin_skip_building_tests': False, 'cmake_args': None, 'cmake_clean_cache': False, 'cmake_clean_first': False, 'cmake_force_configure': False, 'cmake_target': None, 'cmake_target_skip_unavailable': False, 'install_base': '/home/astralgenius/workspace/isaac-sim-robot-control/ros2_ws/install/robot_simulation', 'merge_install': False, 'path': '/home/astralgenius/workspace/isaac-sim-robot-control/ros2_ws/src/robot_simulation', 'symlink_install': True, 'test_result_base': None}
[0.168s] INFO:colcon.colcon_core.executor:Executing jobs using 'parallel' executor
[0.169s] DEBUG:colcon.colcon_parallel_executor.executor.parallel:run_until_complete
[0.169s] INFO:colcon.colcon_ros.task.ament_python.build:Building ROS package in '/home/astralgenius/workspace/isaac-sim-robot-control/ros2_ws/src/robot_bringup' with build type 'ament_python'
[0.169s] Level 1:colcon.colcon_core.shell:create_environment_hook('robot_bringup', 'ament_prefix_path')
[0.170s] INFO:colcon.colcon_core.plugin_system:Skipping extension 'colcon_core.shell.bat': Not used on non-Windows systems
[0.170s] INFO:colcon.colcon_core.shell:Creating environment hook '/home/astralgenius/workspace/isaac-sim-robot-control/ros2_ws/install/robot_bringup/share/robot_bringup/hook/ament_prefix_path.ps1'
[0.171s] INFO:colcon.colcon_core.shell:Creating environment descriptor '/home/astralgenius/workspace/isaac-sim-robot-control/ros2_ws/install/robot_bringup/share/robot_bringup/hook/ament_prefix_path.dsv'
[0.171s] INFO:colcon.colcon_core.shell:Creating environment hook '/home/astralgenius/workspace/isaac-sim-robot-control/ros2_ws/install/robot_bringup/share/robot_bringup/hook/ament_prefix_path.sh'
[0.171s] INFO:colcon.colcon_core.shell:Skip shell extension 'powershell' for command environment: Not usable outside of PowerShell
[0.171s] DEBUG:colcon.colcon_core.shell:Skip shell extension 'dsv' for command environment
[0.173s] INFO:colcon.colcon_ros.task.ament_python.build:Building ROS package in '/home/astralgenius/workspace/isaac-sim-robot-control/ros2_ws/src/robot_controller' with build type 'ament_python'
[0.173s] Level 1:colcon.colcon_core.shell:create_environment_hook('robot_controller', 'ament_prefix_path')
[0.173s] INFO:colcon.colcon_core.shell:Creating environment hook '/home/astralgenius/workspace/isaac-sim-robot-control/ros2_ws/install/robot_controller/share/robot_controller/hook/ament_prefix_path.ps1'
[0.173s] INFO:colcon.colcon_core.shell:Creating environment descriptor '/home/astralgenius/workspace/isaac-sim-robot-control/ros2_ws/install/robot_controller/share/robot_controller/hook/ament_prefix_path.dsv'
[0.173s] INFO:colcon.colcon_core.shell:Creating environment hook '/home/astralgenius/workspace/isaac-sim-robot-control/ros2_ws/install/robot_controller/share/robot_controller/hook/ament_prefix_path.sh'
[0.174s] INFO:colcon.colcon_core.shell:Skip shell extension 'powershell' for command environment: Not usable outside of PowerShell
[0.174s] DEBUG:colcon.colcon_core.shell:Skip shell extension 'dsv' for command environment
[0.175s] INFO:colcon.colcon_ros.task.ament_cmake.build:Building ROS package in '/home/astralgenius/workspace/isaac-sim-robot-control/ros2_ws/src/robot_description' with build type 'ament_cmake'
[0.175s] INFO:colcon.colcon_cmake.task.cmake.build:Building CMake package in '/home/astralgenius/workspace/isaac-sim-robot-control/ros2_ws/src/robot_description'
[0.175s] INFO:colcon.colcon_core.shell:Skip shell extension 'powershell' for command environment: Not usable outside of PowerShell
[0.175s] DEBUG:colcon.colcon_core.shell:Skip shell extension 'dsv' for command environment
[0.176s] INFO:colcon.colcon_ros.task.ament_python.build:Building ROS package in '/home/astralgenius/workspace/isaac-sim-robot-control/ros2_ws/src/robot_simulation' with build type 'ament_python'
[0.176s] Level 1:colcon.colcon_core.shell:create_environment_hook('robot_simulation', 'ament_prefix_path')
[0.176s] INFO:colcon.colcon_core.shell:Creating environment hook '/home/astralgenius/workspace/isaac-sim-robot-control/ros2_ws/install/robot_simulation/share/robot_simulation/hook/ament_prefix_path.ps1'
[0.176s] INFO:colcon.colcon_core.shell:Creating environment descriptor '/home/astralgenius/workspace/isaac-sim-robot-control/ros2_ws/install/robot_simulation/share/robot_simulation/hook/ament_prefix_path.dsv'
[0.176s] INFO:colcon.colcon_core.shell:Creating environment hook '/home/astralgenius/workspace/isaac-sim-robot-control/ros2_ws/install/robot_simulation/share/robot_simulation/hook/ament_prefix_path.sh'
[0.177s] INFO:colcon.colcon_core.shell:Skip shell extension 'powershell' for command environment: Not usable outside of PowerShell
[0.177s] DEBUG:colcon.colcon_core.shell:Skip shell extension 'dsv' for command environment
[0.279s] INFO:colcon.colcon_core.task.python.build:Building Python package in '/home/astralgenius/workspace/isaac-sim-robot-control/ros2_ws/src/robot_bringup'
[0.279s] INFO:colcon.colcon_core.shell:Skip shell extension 'powershell' for command environment: Not usable outside of PowerShell
[0.279s] DEBUG:colcon.colcon_core.shell:Skip shell extension 'dsv' for command environment
[0.379s] INFO:colcon.colcon_core.task.python.build:Building Python package in '/home/astralgenius/workspace/isaac-sim-robot-control/ros2_ws/src/robot_controller'
[0.379s] INFO:colcon.colcon_core.shell:Skip shell extension 'powershell' for command environment: Not usable outside of PowerShell
[0.379s] DEBUG:colcon.colcon_core.shell:Skip shell extension 'dsv' for command environment
[0.382s] DEBUG:colcon.colcon_core.event_handler.log_command:Invoking command in '/home/astralgenius/workspace/isaac-sim-robot-control/ros2_ws/build/robot_description': CMAKE_PREFIX_PATH=${CMAKE_PREFIX_PATH}:/opt/ros/jazzy DEBUGINFOD_URLS=https://debuginfod.ubuntu.com /usr/bin/cmake /home/astralgenius/workspace/isaac-sim-robot-control/ros2_ws/src/robot_description -DAMENT_CMAKE_SYMLINK_INSTALL=1 -DCMAKE_INSTALL_PREFIX=/home/astralgenius/workspace/isaac-sim-robot-control/ros2_ws/install/robot_description
[0.485s] INFO:colcon.colcon_core.task.python.build:Building Python package in '/home/astralgenius/workspace/isaac-sim-robot-control/ros2_ws/src/robot_simulation'
[0.485s] INFO:colcon.colcon_core.shell:Skip shell extension 'powershell' for command environment: Not usable outside of PowerShell
[0.485s] DEBUG:colcon.colcon_core.shell:Skip shell extension 'dsv' for command environment
[0.831s] DEBUG:colcon.colcon_core.event_handler.log_command:Invoking command in '/home/astralgenius/workspace/isaac-sim-robot-control/ros2_ws/build/robot_bringup': DEBUGINFOD_URLS=https://debuginfod.ubuntu.com PYTHONPATH=/home/astralgenius/workspace/isaac-sim-robot-control/ros2_ws/build/robot_bringup/prefix_override:/usr/lib/python3/dist-packages/colcon_core/task/python/colcon_distutils_commands:/home/astralgenius/workspace/isaac-sim-robot-control/ros2_ws/install/robot_bringup/lib/python3.12/site-packages:${PYTHONPATH} /usr/bin/python3 -W ignore:setup.py install is deprecated -W ignore:easy_install command is deprecated setup.py develop --editable --build-directory /home/astralgenius/workspace/isaac-sim-robot-control/ros2_ws/build/robot_bringup/build --no-deps symlink_data
[0.832s] DEBUG:colcon.colcon_core.event_handler.log_command:Invoking command in '/home/astralgenius/workspace/isaac-sim-robot-control/ros2_ws/build/robot_simulation': DEBUGINFOD_URLS=https://debuginfod.ubuntu.com PYTHONPATH=/home/astralgenius/workspace/isaac-sim-robot-control/ros2_ws/build/robot_simulation/prefix_override:/usr/lib/python3/dist-packages/colcon_core/task/python/colcon_distutils_commands:/home/astralgenius/workspace/isaac-sim-robot-control/ros2_ws/install/robot_simulation/lib/python3.12/site-packages:${PYTHONPATH} /usr/bin/python3 -W ignore:setup.py install is deprecated -W ignore:easy_install command is deprecated setup.py develop --editable --build-directory /home/astralgenius/workspace/isaac-sim-robot-control/ros2_ws/build/robot_simulation/build --no-deps symlink_data
[0.834s] DEBUG:colcon.colcon_core.event_handler.log_command:Invoking command in '/home/astralgenius/workspace/isaac-sim-robot-control/ros2_ws/build/robot_controller': DEBUGINFOD_URLS=https://debuginfod.ubuntu.com PYTHONPATH=/home/astralgenius/workspace/isaac-sim-robot-control/ros2_ws/build/robot_controller/prefix_override:/usr/lib/python3/dist-packages/colcon_core/task/python/colcon_distutils_commands:/home/astralgenius/workspace/isaac-sim-robot-control/ros2_ws/install/robot_controller/lib/python3.12/site-packages:${PYTHONPATH} /usr/bin/python3 -W ignore:setup.py install is deprecated -W ignore:easy_install command is deprecated setup.py develop --editable --build-directory /home/astralgenius/workspace/isaac-sim-robot-control/ros2_ws/build/robot_controller/build --no-deps symlink_data
[0.925s] DEBUG:colcon.colcon_core.event_handler.log_command:Invoked command in '/home/astralgenius/workspace/isaac-sim-robot-control/ros2_ws/build/robot_description' returned '0': CMAKE_PREFIX_PATH=${CMAKE_PREFIX_PATH}:/opt/ros/jazzy DEBUGINFOD_URLS=https://debuginfod.ubuntu.com /usr/bin/cmake /home/astralgenius/workspace/isaac-sim-robot-control/ros2_ws/src/robot_description -DAMENT_CMAKE_SYMLINK_INSTALL=1 -DCMAKE_INSTALL_PREFIX=/home/astralgenius/workspace/isaac-sim-robot-control/ros2_ws/install/robot_description
[0.927s] DEBUG:colcon.colcon_core.event_handler.log_command:Invoking command in '/home/astralgenius/workspace/isaac-sim-robot-control/ros2_ws/build/robot_description': CMAKE_PREFIX_PATH=${CMAKE_PREFIX_PATH}:/opt/ros/jazzy DEBUGINFOD_URLS=https://debuginfod.ubuntu.com /usr/bin/cmake --build /home/astralgenius/workspace/isaac-sim-robot-control/ros2_ws/build/robot_description -- -j16 -l16
[0.955s] DEBUG:colcon.colcon_core.event_handler.log_command:Invoked command in '/home/astralgenius/workspace/isaac-sim-robot-control/ros2_ws/build/robot_description' returned '0': CMAKE_PREFIX_PATH=${CMAKE_PREFIX_PATH}:/opt/ros/jazzy DEBUGINFOD_URLS=https://debuginfod.ubuntu.com /usr/bin/cmake --build /home/astralgenius/workspace/isaac-sim-robot-control/ros2_ws/build/robot_description -- -j16 -l16
[0.962s] DEBUG:colcon.colcon_core.event_handler.log_command:Invoking command in '/home/astralgenius/workspace/isaac-sim-robot-control/ros2_ws/build/robot_description': CMAKE_PREFIX_PATH=${CMAKE_PREFIX_PATH}:/opt/ros/jazzy DEBUGINFOD_URLS=https://debuginfod.ubuntu.com /usr/bin/cmake --install /home/astralgenius/workspace/isaac-sim-robot-control/ros2_ws/build/robot_description
[1.068s] Level 1:colcon.colcon_core.environment:create_environment_scripts_only(robot_description)
[1.069s] DEBUG:colcon.colcon_core.event_handler.log_command:Invoked command in '/home/astralgenius/workspace/isaac-sim-robot-control/ros2_ws/build/robot_description' returned '0': CMAKE_PREFIX_PATH=${CMAKE_PREFIX_PATH}:/opt/ros/jazzy DEBUGINFOD_URLS=https://debuginfod.ubuntu.com /usr/bin/cmake --install /home/astralgenius/workspace/isaac-sim-robot-control/ros2_ws/build/robot_description
[1.071s] Level 1:colcon.colcon_core.environment:checking '/home/astralgenius/workspace/isaac-sim-robot-control/ros2_ws/install/robot_description' for CMake module files
[1.071s] Level 1:colcon.colcon_core.environment:checking '/home/astralgenius/workspace/isaac-sim-robot-control/ros2_ws/install/robot_description' for CMake config files
[1.071s] Level 1:colcon.colcon_core.shell:create_environment_hook('robot_description', 'cmake_prefix_path')
[1.072s] INFO:colcon.colcon_core.shell:Creating environment hook '/home/astralgenius/workspace/isaac-sim-robot-control/ros2_ws/install/robot_description/share/robot_description/hook/cmake_prefix_path.ps1'
[1.072s] INFO:colcon.colcon_core.shell:Creating environment descriptor '/home/astralgenius/workspace/isaac-sim-robot-control/ros2_ws/install/robot_description/share/robot_description/hook/cmake_prefix_path.dsv'
[1.072s] INFO:colcon.colcon_core.shell:Creating environment hook '/home/astralgenius/workspace/isaac-sim-robot-control/ros2_ws/install/robot_description/share/robot_description/hook/cmake_prefix_path.sh'
[1.073s] Level 1:colcon.colcon_core.environment:checking '/home/astralgenius/workspace/isaac-sim-robot-control/ros2_ws/install/robot_description/bin'
[1.073s] Level 1:colcon.colcon_core.environment:checking '/home/astralgenius/workspace/isaac-sim-robot-control/ros2_ws/install/robot_description/lib/pkgconfig/robot_description.pc'
[1.073s] Level 1:colcon.colcon_core.environment:checking '/home/astralgenius/workspace/isaac-sim-robot-control/ros2_ws/install/robot_description/lib/python3.12/site-packages'
[1.073s] Level 1:colcon.colcon_core.environment:checking '/home/astralgenius/workspace/isaac-sim-robot-control/ros2_ws/install/robot_description/bin'
[1.073s] INFO:colcon.colcon_core.shell:Creating package script '/home/astralgenius/workspace/isaac-sim-robot-control/ros2_ws/install/robot_description/share/robot_description/package.ps1'
[1.074s] INFO:colcon.colcon_core.shell:Creating package descriptor '/home/astralgenius/workspace/isaac-sim-robot-control/ros2_ws/install/robot_description/share/robot_description/package.dsv'
[1.074s] INFO:colcon.colcon_core.shell:Creating package script '/home/astralgenius/workspace/isaac-sim-robot-control/ros2_ws/install/robot_description/share/robot_description/package.sh'
[1.074s] INFO:colcon.colcon_core.shell:Creating package script '/home/astralgenius/workspace/isaac-sim-robot-control/ros2_ws/install/robot_description/share/robot_description/package.bash'
[1.075s] INFO:colcon.colcon_core.shell:Creating package script '/home/astralgenius/workspace/isaac-sim-robot-control/ros2_ws/install/robot_description/share/robot_description/package.zsh'
[1.075s] Level 1:colcon.colcon_core.environment:create_file_with_runtime_dependencies(/home/astralgenius/workspace/isaac-sim-robot-control/ros2_ws/install/robot_description/share/colcon-core/packages/robot_description)
[1.075s] Level 1:colcon.colcon_core.environment:create_environment_scripts_only(robot_description)
[1.075s] Level 1:colcon.colcon_core.environment:checking '/home/astralgenius/workspace/isaac-sim-robot-control/ros2_ws/install/robot_description' for CMake module files
[1.076s] Level 1:colcon.colcon_core.environment:checking '/home/astralgenius/workspace/isaac-sim-robot-control/ros2_ws/install/robot_description' for CMake config files
[1.076s] Level 1:colcon.colcon_core.shell:create_environment_hook('robot_description', 'cmake_prefix_path')
[1.076s] INFO:colcon.colcon_core.shell:Creating environment hook '/home/astralgenius/workspace/isaac-sim-robot-control/ros2_ws/install/robot_description/share/robot_description/hook/cmake_prefix_path.ps1'
[1.077s] INFO:colcon.colcon_core.shell:Creating environment descriptor '/home/astralgenius/workspace/isaac-sim-robot-control/ros2_ws/install/robot_description/share/robot_description/hook/cmake_prefix_path.dsv'
[1.077s] INFO:colcon.colcon_core.shell:Creating environment hook '/home/astralgenius/workspace/isaac-sim-robot-control/ros2_ws/install/robot_description/share/robot_description/hook/cmake_prefix_path.sh'
[1.078s] Level 1:colcon.colcon_core.environment:checking '/home/astralgenius/workspace/isaac-sim-robot-control/ros2_ws/install/robot_description/bin'
[1.078s] Level 1:colcon.colcon_core.environment:checking '/home/astralgenius/workspace/isaac-sim-robot-control/ros2_ws/install/robot_description/lib/pkgconfig/robot_description.pc'
[1.078s] Level 1:colcon.colcon_core.environment:checking '/home/astralgenius/workspace/isaac-sim-robot-control/ros2_ws/install/robot_description/lib/python3.12/site-packages'
[1.078s] Level 1:colcon.colcon_core.environment:checking '/home/astralgenius/workspace/isaac-sim-robot-control/ros2_ws/install/robot_description/bin'
[1.078s] INFO:colcon.colcon_core.shell:Creating package script '/home/astralgenius/workspace/isaac-sim-robot-control/ros2_ws/install/robot_description/share/robot_description/package.ps1'
[1.079s] INFO:colcon.colcon_core.shell:Creating package descriptor '/home/astralgenius/workspace/isaac-sim-robot-control/ros2_ws/install/robot_description/share/robot_description/package.dsv'
[1.079s] INFO:colcon.colcon_core.shell:Creating package script '/home/astralgenius/workspace/isaac-sim-robot-control/ros2_ws/install/robot_description/share/robot_description/package.sh'
[1.079s] INFO:colcon.colcon_core.shell:Creating package script '/home/astralgenius/workspace/isaac-sim-robot-control/ros2_ws/install/robot_description/share/robot_description/package.bash'
[1.079s] INFO:colcon.colcon_core.shell:Creating package script '/home/astralgenius/workspace/isaac-sim-robot-control/ros2_ws/install/robot_description/share/robot_description/package.zsh'
[1.079s] Level 1:colcon.colcon_core.environment:create_file_with_runtime_dependencies(/home/astralgenius/workspace/isaac-sim-robot-control/ros2_ws/install/robot_description/share/colcon-core/packages/robot_description)
[1.134s] Level 1:colcon.colcon_core.shell:create_environment_hook('robot_controller', 'pythonpath_develop')
[1.135s] INFO:colcon.colcon_core.shell:Creating environment hook '/home/astralgenius/workspace/isaac-sim-robot-control/ros2_ws/build/robot_controller/share/robot_controller/hook/pythonpath_develop.ps1'
[1.135s] DEBUG:colcon.colcon_core.event_handler.log_command:Invoked command in '/home/astralgenius/workspace/isaac-sim-robot-control/ros2_ws/build/robot_controller' returned '0': DEBUGINFOD_URLS=https://debuginfod.ubuntu.com PYTHONPATH=/home/astralgenius/workspace/isaac-sim-robot-control/ros2_ws/build/robot_controller/prefix_override:/usr/lib/python3/dist-packages/colcon_core/task/python/colcon_distutils_commands:/home/astralgenius/workspace/isaac-sim-robot-control/ros2_ws/install/robot_controller/lib/python3.12/site-packages:${PYTHONPATH} /usr/bin/python3 -W ignore:setup.py install is deprecated -W ignore:easy_install command is deprecated setup.py develop --editable --build-directory /home/astralgenius/workspace/isaac-sim-robot-control/ros2_ws/build/robot_controller/build --no-deps symlink_data
[1.136s] INFO:colcon.colcon_core.shell:Creating environment descriptor '/home/astralgenius/workspace/isaac-sim-robot-control/ros2_ws/build/robot_controller/share/robot_controller/hook/pythonpath_develop.dsv'
[1.136s] INFO:colcon.colcon_core.shell:Creating environment hook '/home/astralgenius/workspace/isaac-sim-robot-control/ros2_ws/build/robot_controller/share/robot_controller/hook/pythonpath_develop.sh'
[1.136s] Level 1:colcon.colcon_core.environment:checking '/home/astralgenius/workspace/isaac-sim-robot-control/ros2_ws/install/robot_controller' for CMake module files
[1.136s] Level 1:colcon.colcon_core.environment:checking '/home/astralgenius/workspace/isaac-sim-robot-control/ros2_ws/install/robot_controller' for CMake config files
[1.137s] Level 1:colcon.colcon_core.environment:checking '/home/astralgenius/workspace/isaac-sim-robot-control/ros2_ws/install/robot_controller/lib'
[1.137s] Level 1:colcon.colcon_core.environment:checking '/home/astralgenius/workspace/isaac-sim-robot-control/ros2_ws/install/robot_controller/bin'
[1.137s] Level 1:colcon.colcon_core.environment:checking '/home/astralgenius/workspace/isaac-sim-robot-control/ros2_ws/install/robot_controller/lib/pkgconfig/robot_controller.pc'
[1.137s] Level 1:colcon.colcon_core.environment:checking '/home/astralgenius/workspace/isaac-sim-robot-control/ros2_ws/install/robot_controller/lib/python3.12/site-packages'
[1.137s] Level 1:colcon.colcon_core.shell:create_environment_hook('robot_controller', 'pythonpath')
[1.137s] INFO:colcon.colcon_core.shell:Creating environment hook '/home/astralgenius/workspace/isaac-sim-robot-control/ros2_ws/install/robot_controller/share/robot_controller/hook/pythonpath.ps1'
[1.137s] INFO:colcon.colcon_core.shell:Creating environment descriptor '/home/astralgenius/workspace/isaac-sim-robot-control/ros2_ws/install/robot_controller/share/robot_controller/hook/pythonpath.dsv'
[1.138s] INFO:colcon.colcon_core.shell:Creating environment hook '/home/astralgenius/workspace/isaac-sim-robot-control/ros2_ws/install/robot_controller/share/robot_controller/hook/pythonpath.sh'
[1.138s] Level 1:colcon.colcon_core.environment:checking '/home/astralgenius/workspace/isaac-sim-robot-control/ros2_ws/install/robot_controller/bin'
[1.138s] Level 1:colcon.colcon_core.environment:create_environment_scripts_only(robot_controller)
[1.138s] INFO:colcon.colcon_core.shell:Creating package script '/home/astralgenius/workspace/isaac-sim-robot-control/ros2_ws/install/robot_controller/share/robot_controller/package.ps1'
[1.138s] INFO:colcon.colcon_core.shell:Creating package descriptor '/home/astralgenius/workspace/isaac-sim-robot-control/ros2_ws/install/robot_controller/share/robot_controller/package.dsv'
[1.139s] INFO:colcon.colcon_core.shell:Creating package script '/home/astralgenius/workspace/isaac-sim-robot-control/ros2_ws/install/robot_controller/share/robot_controller/package.sh'
[1.139s] INFO:colcon.colcon_core.shell:Creating package script '/home/astralgenius/workspace/isaac-sim-robot-control/ros2_ws/install/robot_controller/share/robot_controller/package.bash'
[1.139s] INFO:colcon.colcon_core.shell:Creating package script '/home/astralgenius/workspace/isaac-sim-robot-control/ros2_ws/install/robot_controller/share/robot_controller/package.zsh'
[1.139s] Level 1:colcon.colcon_core.environment:create_file_with_runtime_dependencies(/home/astralgenius/workspace/isaac-sim-robot-control/ros2_ws/install/robot_controller/share/colcon-core/packages/robot_controller)
[1.139s] Level 1:colcon.colcon_core.shell:create_environment_hook('robot_bringup', 'pythonpath_develop')
[1.139s] INFO:colcon.colcon_core.shell:Creating environment hook '/home/astralgenius/workspace/isaac-sim-robot-control/ros2_ws/build/robot_bringup/share/robot_bringup/hook/pythonpath_develop.ps1'
[1.140s] DEBUG:colcon.colcon_core.event_handler.log_command:Invoked command in '/home/astralgenius/workspace/isaac-sim-robot-control/ros2_ws/build/robot_bringup' returned '0': DEBUGINFOD_URLS=https://debuginfod.ubuntu.com PYTHONPATH=/home/astralgenius/workspace/isaac-sim-robot-control/ros2_ws/build/robot_bringup/prefix_override:/usr/lib/python3/dist-packages/colcon_core/task/python/colcon_distutils_commands:/home/astralgenius/workspace/isaac-sim-robot-control/ros2_ws/install/robot_bringup/lib/python3.12/site-packages:${PYTHONPATH} /usr/bin/python3 -W ignore:setup.py install is deprecated -W ignore:easy_install command is deprecated setup.py develop --editable --build-directory /home/astralgenius/workspace/isaac-sim-robot-control/ros2_ws/build/robot_bringup/build --no-deps symlink_data
[1.140s] INFO:colcon.colcon_core.shell:Creating environment descriptor '/home/astralgenius/workspace/isaac-sim-robot-control/ros2_ws/build/robot_bringup/share/robot_bringup/hook/pythonpath_develop.dsv'
[1.140s] INFO:colcon.colcon_core.shell:Creating environment hook '/home/astralgenius/workspace/isaac-sim-robot-control/ros2_ws/build/robot_bringup/share/robot_bringup/hook/pythonpath_develop.sh'
[1.140s] Level 1:colcon.colcon_core.environment:checking '/home/astralgenius/workspace/isaac-sim-robot-control/ros2_ws/install/robot_bringup' for CMake module files
[1.140s] Level 1:colcon.colcon_core.environment:checking '/home/astralgenius/workspace/isaac-sim-robot-control/ros2_ws/install/robot_bringup' for CMake config files
[1.141s] Level 1:colcon.colcon_core.environment:checking '/home/astralgenius/workspace/isaac-sim-robot-control/ros2_ws/install/robot_bringup/lib'
[1.141s] Level 1:colcon.colcon_core.environment:checking '/home/astralgenius/workspace/isaac-sim-robot-control/ros2_ws/install/robot_bringup/bin'
[1.141s] Level 1:colcon.colcon_core.environment:checking '/home/astralgenius/workspace/isaac-sim-robot-control/ros2_ws/install/robot_bringup/lib/pkgconfig/robot_bringup.pc'
[1.141s] Level 1:colcon.colcon_core.environment:checking '/home/astralgenius/workspace/isaac-sim-robot-control/ros2_ws/install/robot_bringup/lib/python3.12/site-packages'
[1.141s] Level 1:colcon.colcon_core.shell:create_environment_hook('robot_bringup', 'pythonpath')
[1.141s] INFO:colcon.colcon_core.shell:Creating environment hook '/home/astralgenius/workspace/isaac-sim-robot-control/ros2_ws/install/robot_bringup/share/robot_bringup/hook/pythonpath.ps1'
[1.141s] INFO:colcon.colcon_core.shell:Creating environment descriptor '/home/astralgenius/workspace/isaac-sim-robot-control/ros2_ws/install/robot_bringup/share/robot_bringup/hook/pythonpath.dsv'
[1.141s] INFO:colcon.colcon_core.shell:Creating environment hook '/home/astralgenius/workspace/isaac-sim-robot-control/ros2_ws/install/robot_bringup/share/robot_bringup/hook/pythonpath.sh'
[1.142s] Level 1:colcon.colcon_core.environment:checking '/home/astralgenius/workspace/isaac-sim-robot-control/ros2_ws/install/robot_bringup/bin'
[1.142s] Level 1:colcon.colcon_core.environment:create_environment_scripts_only(robot_bringup)
[1.142s] INFO:colcon.colcon_core.shell:Creating package script '/home/astralgenius/workspace/isaac-sim-robot-control/ros2_ws/install/robot_bringup/share/robot_bringup/package.ps1'
[1.142s] INFO:colcon.colcon_core.shell:Creating package descriptor '/home/astralgenius/workspace/isaac-sim-robot-control/ros2_ws/install/robot_bringup/share/robot_bringup/package.dsv'
[1.142s] INFO:colcon.colcon_core.shell:Creating package script '/home/astralgenius/workspace/isaac-sim-robot-control/ros2_ws/install/robot_bringup/share/robot_bringup/package.sh'
[1.142s] INFO:colcon.colcon_core.shell:Creating package script '/home/astralgenius/workspace/isaac-sim-robot-control/ros2_ws/install/robot_bringup/share/robot_bringup/package.bash'
[1.143s] INFO:colcon.colcon_core.shell:Creating package script '/home/astralgenius/workspace/isaac-sim-robot-control/ros2_ws/install/robot_bringup/share/robot_bringup/package.zsh'
[1.143s] Level 1:colcon.colcon_core.environment:create_file_with_runtime_dependencies(/home/astralgenius/workspace/isaac-sim-robot-control/ros2_ws/install/robot_bringup/share/colcon-core/packages/robot_bringup)
[1.143s] Level 1:colcon.colcon_core.shell:create_environment_hook('robot_simulation', 'pythonpath_develop')
[1.143s] INFO:colcon.colcon_core.shell:Creating environment hook '/home/astralgenius/workspace/isaac-sim-robot-control/ros2_ws/build/robot_simulation/share/robot_simulation/hook/pythonpath_develop.ps1'
[1.144s] DEBUG:colcon.colcon_core.event_handler.log_command:Invoked command in '/home/astralgenius/workspace/isaac-sim-robot-control/ros2_ws/build/robot_simulation' returned '0': DEBUGINFOD_URLS=https://debuginfod.ubuntu.com PYTHONPATH=/home/astralgenius/workspace/isaac-sim-robot-control/ros2_ws/build/robot_simulation/prefix_override:/usr/lib/python3/dist-packages/colcon_core/task/python/colcon_distutils_commands:/home/astralgenius/workspace/isaac-sim-robot-control/ros2_ws/install/robot_simulation/lib/python3.12/site-packages:${PYTHONPATH} /usr/bin/python3 -W ignore:setup.py install is deprecated -W ignore:easy_install command is deprecated setup.py develop --editable --build-directory /home/astralgenius/workspace/isaac-sim-robot-control/ros2_ws/build/robot_simulation/build --no-deps symlink_data
[1.144s] INFO:colcon.colcon_core.shell:Creating environment descriptor '/home/astralgenius/workspace/isaac-sim-robot-control/ros2_ws/build/robot_simulation/share/robot_simulation/hook/pythonpath_develop.dsv'
[1.144s] INFO:colcon.colcon_core.shell:Creating environment hook '/home/astralgenius/workspace/isaac-sim-robot-control/ros2_ws/build/robot_simulation/share/robot_simulation/hook/pythonpath_develop.sh'
[1.144s] Level 1:colcon.colcon_core.environment:checking '/home/astralgenius/workspace/isaac-sim-robot-control/ros2_ws/install/robot_simulation' for CMake module files
[1.144s] Level 1:colcon.colcon_core.environment:checking '/home/astralgenius/workspace/isaac-sim-robot-control/ros2_ws/install/robot_simulation' for CMake config files
[1.145s] Level 1:colcon.colcon_core.environment:checking '/home/astralgenius/workspace/isaac-sim-robot-control/ros2_ws/install/robot_simulation/lib'
[1.145s] Level 1:colcon.colcon_core.environment:checking '/home/astralgenius/workspace/isaac-sim-robot-control/ros2_ws/install/robot_simulation/bin'
[1.145s] Level 1:colcon.colcon_core.environment:checking '/home/astralgenius/workspace/isaac-sim-robot-control/ros2_ws/install/robot_simulation/lib/pkgconfig/robot_simulation.pc'
[1.145s] Level 1:colcon.colcon_core.environment:checking '/home/astralgenius/workspace/isaac-sim-robot-control/ros2_ws/install/robot_simulation/lib/python3.12/site-packages'
[1.145s] Level 1:colcon.colcon_core.shell:create_environment_hook('robot_simulation', 'pythonpath')
[1.145s] INFO:colcon.colcon_core.shell:Creating environment hook '/home/astralgenius/workspace/isaac-sim-robot-control/ros2_ws/install/robot_simulation/share/robot_simulation/hook/pythonpath.ps1'
[1.145s] INFO:colcon.colcon_core.shell:Creating environment descriptor '/home/astralgenius/workspace/isaac-sim-robot-control/ros2_ws/install/robot_simulation/share/robot_simulation/hook/pythonpath.dsv'
[1.145s] INFO:colcon.colcon_core.shell:Creating environment hook '/home/astralgenius/workspace/isaac-sim-robot-control/ros2_ws/install/robot_simulation/share/robot_simulation/hook/pythonpath.sh'
[1.145s] Level 1:colcon.colcon_core.environment:checking '/home/astralgenius/workspace/isaac-sim-robot-control/ros2_ws/install/robot_simulation/bin'
[1.145s] Level 1:colcon.colcon_core.environment:create_environment_scripts_only(robot_simulation)
[1.146s] INFO:colcon.colcon_core.shell:Creating package script '/home/astralgenius/workspace/isaac-sim-robot-control/ros2_ws/install/robot_simulation/share/robot_simulation/package.ps1'
[1.146s] INFO:colcon.colcon_core.shell:Creating package descriptor '/home/astralgenius/workspace/isaac-sim-robot-control/ros2_ws/install/robot_simulation/share/robot_simulation/package.dsv'
[1.146s] INFO:colcon.colcon_core.shell:Creating package script '/home/astralgenius/workspace/isaac-sim-robot-control/ros2_ws/install/robot_simulation/share/robot_simulation/package.sh'
[1.146s] INFO:colcon.colcon_core.shell:Creating package script '/home/astralgenius/workspace/isaac-sim-robot-control/ros2_ws/install/robot_simulation/share/robot_simulation/package.bash'
[1.146s] INFO:colcon.colcon_core.shell:Creating package script '/home/astralgenius/workspace/isaac-sim-robot-control/ros2_ws/install/robot_simulation/share/robot_simulation/package.zsh'
[1.147s] Level 1:colcon.colcon_core.environment:create_file_with_runtime_dependencies(/home/astralgenius/workspace/isaac-sim-robot-control/ros2_ws/install/robot_simulation/share/colcon-core/packages/robot_simulation)
[1.147s] DEBUG:colcon.colcon_parallel_executor.executor.parallel:closing loop
[1.147s] DEBUG:colcon.colcon_parallel_executor.executor.parallel:loop closed
[1.147s] DEBUG:colcon.colcon_parallel_executor.executor.parallel:run_until_complete finished with '0'
[1.147s] DEBUG:colcon.colcon_core.event_reactor:joining thread
[1.151s] INFO:colcon.colcon_core.plugin_system:Skipping extension 'colcon_notification.desktop_notification.terminal_notifier': Not used on non-Darwin systems
[1.151s] INFO:colcon.colcon_core.plugin_system:Skipping extension 'colcon_notification.desktop_notification.win32': Not used on non-Windows systems
[1.151s] INFO:colcon.colcon_notification.desktop_notification:Sending desktop notification using 'notify2'
[1.169s] DEBUG:colcon.colcon_core.event_reactor:joined thread
[1.170s] INFO:colcon.colcon_core.shell:Creating prefix script '/home/astralgenius/workspace/isaac-sim-robot-control/ros2_ws/install/local_setup.ps1'
[1.170s] INFO:colcon.colcon_core.shell:Creating prefix util module '/home/astralgenius/workspace/isaac-sim-robot-control/ros2_ws/install/_local_setup_util_ps1.py'
[1.171s] INFO:colcon.colcon_core.shell:Creating prefix chain script '/home/astralgenius/workspace/isaac-sim-robot-control/ros2_ws/install/setup.ps1'
[1.171s] INFO:colcon.colcon_core.shell:Creating prefix script '/home/astralgenius/workspace/isaac-sim-robot-control/ros2_ws/install/local_setup.sh'
[1.172s] INFO:colcon.colcon_core.shell:Creating prefix util module '/home/astralgenius/workspace/isaac-sim-robot-control/ros2_ws/install/_local_setup_util_sh.py'
[1.172s] INFO:colcon.colcon_core.shell:Creating prefix chain script '/home/astralgenius/workspace/isaac-sim-robot-control/ros2_ws/install/setup.sh'
[1.172s] INFO:colcon.colcon_core.shell:Creating prefix script '/home/astralgenius/workspace/isaac-sim-robot-control/ros2_ws/install/local_setup.bash'
[1.173s] INFO:colcon.colcon_core.shell:Creating prefix chain script '/home/astralgenius/workspace/isaac-sim-robot-control/ros2_ws/install/setup.bash'
[1.173s] INFO:colcon.colcon_core.shell:Creating prefix script '/home/astralgenius/workspace/isaac-sim-robot-control/ros2_ws/install/local_setup.zsh'
[1.173s] INFO:colcon.colcon_core.shell:Creating prefix chain script '/home/astralgenius/workspace/isaac-sim-robot-control/ros2_ws/install/setup.zsh'
