[0.206s] Invoking command in '/home/astralgenius/workspace/isaac-sim-robot-control/ros2_ws/build/robot_description': CMAKE_PREFIX_PATH=${CMAKE_PREFIX_PATH}:/opt/ros/jazzy DEBUGINFOD_URLS=https://debuginfod.ubuntu.com /usr/bin/cmake --build /home/astralgenius/workspace/isaac-sim-robot-control/ros2_ws/build/robot_description -- -j16 -l16
[0.309s] Invoked command in '/home/astralgenius/workspace/isaac-sim-robot-control/ros2_ws/build/robot_description' returned '0': CMAKE_PREFIX_PATH=${CMAKE_PREFIX_PATH}:/opt/ros/jazzy DEBUGINFOD_URLS=https://debuginfod.ubuntu.com /usr/bin/cmake --build /home/astralgenius/workspace/isaac-sim-robot-control/ros2_ws/build/robot_description -- -j16 -l16
[0.316s] Invoking command in '/home/astralgenius/workspace/isaac-sim-robot-control/ros2_ws/build/robot_description': CMAKE_PREFIX_PATH=${CMAKE_PREFIX_PATH}:/opt/ros/jazzy DEBUGINFOD_URLS=https://debuginfod.ubuntu.com /usr/bin/cmake --install /home/astralgenius/workspace/isaac-sim-robot-control/ros2_ws/build/robot_description
[0.322s] -- Install configuration: ""
[0.322s] -- Execute custom install script
[0.323s] -- Up-to-date symlink: /home/astralgenius/workspace/isaac-sim-robot-control/ros2_ws/install/robot_description/share/ament_index/resource_index/package_run_dependencies/robot_description
[0.323s] -- Up-to-date symlink: /home/astralgenius/workspace/isaac-sim-robot-control/ros2_ws/install/robot_description/share/ament_index/resource_index/parent_prefix_path/robot_description
[0.323s] -- Up-to-date symlink: /home/astralgenius/workspace/isaac-sim-robot-control/ros2_ws/install/robot_description/share/robot_description/environment/ament_prefix_path.sh
[0.323s] -- Up-to-date symlink: /home/astralgenius/workspace/isaac-sim-robot-control/ros2_ws/install/robot_description/share/robot_description/environment/ament_prefix_path.dsv
[0.323s] -- Up-to-date symlink: /home/astralgenius/workspace/isaac-sim-robot-control/ros2_ws/install/robot_description/share/robot_description/environment/path.sh
[0.324s] -- Up-to-date symlink: /home/astralgenius/workspace/isaac-sim-robot-control/ros2_ws/install/robot_description/share/robot_description/environment/path.dsv
[0.324s] -- Up-to-date symlink: /home/astralgenius/workspace/isaac-sim-robot-control/ros2_ws/install/robot_description/share/robot_description/local_setup.bash
[0.324s] -- Up-to-date symlink: /home/astralgenius/workspace/isaac-sim-robot-control/ros2_ws/install/robot_description/share/robot_description/local_setup.sh
[0.324s] -- Up-to-date symlink: /home/astralgenius/workspace/isaac-sim-robot-control/ros2_ws/install/robot_description/share/robot_description/local_setup.zsh
[0.324s] -- Up-to-date symlink: /home/astralgenius/workspace/isaac-sim-robot-control/ros2_ws/install/robot_description/share/robot_description/local_setup.dsv
[0.324s] -- Symlinking: /home/astralgenius/workspace/isaac-sim-robot-control/ros2_ws/install/robot_description/share/robot_description/package.dsv
[0.331s] -- Up-to-date symlink: /home/astralgenius/workspace/isaac-sim-robot-control/ros2_ws/install/robot_description/share/ament_index/resource_index/packages/robot_description
[0.331s] -- Up-to-date symlink: /home/astralgenius/workspace/isaac-sim-robot-control/ros2_ws/install/robot_description/share/robot_description/cmake/robot_descriptionConfig.cmake
[0.331s] -- Up-to-date symlink: /home/astralgenius/workspace/isaac-sim-robot-control/ros2_ws/install/robot_description/share/robot_description/cmake/robot_descriptionConfig-version.cmake
[0.331s] -- Up-to-date symlink: /home/astralgenius/workspace/isaac-sim-robot-control/ros2_ws/install/robot_description/share/robot_description/package.xml
[0.332s] Invoked command in '/home/astralgenius/workspace/isaac-sim-robot-control/ros2_ws/build/robot_description' returned '0': CMAKE_PREFIX_PATH=${CMAKE_PREFIX_PATH}:/opt/ros/jazzy DEBUGINFOD_URLS=https://debuginfod.ubuntu.com /usr/bin/cmake --install /home/astralgenius/workspace/isaac-sim-robot-control/ros2_ws/build/robot_description
