[0.660s] Invoking command in '/home/astralgenius/workspace/isaac-sim-robot-control/ros2_ws/build/robot_controller': DEBUGINFOD_URLS=https://debuginfod.ubuntu.com PYTHONPATH=/home/astralgenius/workspace/isaac-sim-robot-control/ros2_ws/build/robot_controller/prefix_override:/usr/lib/python3/dist-packages/colcon_core/task/python/colcon_distutils_commands:/home/astralgenius/workspace/isaac-sim-robot-control/ros2_ws/install/robot_controller/lib/python3.12/site-packages:${PYTHONPATH} /usr/bin/python3 -W ignore:setup.py install is deprecated -W ignore:easy_install command is deprecated setup.py develop --editable --build-directory /home/astralgenius/workspace/isaac-sim-robot-control/ros2_ws/build/robot_controller/build --no-deps symlink_data
[0.813s] running develop
[0.903s] running egg_info
[0.904s] creating robot_controller.egg-info
[0.912s] writing robot_controller.egg-info/PKG-INFO
[0.912s] writing dependency_links to robot_controller.egg-info/dependency_links.txt
[0.912s] writing requirements to robot_controller.egg-info/requires.txt
[0.912s] writing top-level names to robot_controller.egg-info/top_level.txt
[0.913s] writing manifest file 'robot_controller.egg-info/SOURCES.txt'
[0.928s] reading manifest file 'robot_controller.egg-info/SOURCES.txt'
[0.928s] writing manifest file 'robot_controller.egg-info/SOURCES.txt'
[0.937s] running build_ext
[0.937s] Creating /home/astralgenius/workspace/isaac-sim-robot-control/ros2_ws/install/robot_controller/lib/python3.12/site-packages/robot-controller.egg-link (link to .)
[0.938s] 
[0.938s] Installed /home/astralgenius/workspace/isaac-sim-robot-control/ros2_ws/build/robot_controller
[0.938s] running symlink_data
[0.938s] creating /home/astralgenius/workspace/isaac-sim-robot-control/ros2_ws/install/robot_controller/share/ament_index
[0.938s] creating /home/astralgenius/workspace/isaac-sim-robot-control/ros2_ws/install/robot_controller/share/ament_index/resource_index
[0.938s] creating /home/astralgenius/workspace/isaac-sim-robot-control/ros2_ws/install/robot_controller/share/ament_index/resource_index/packages
[0.938s] symbolically linking /home/astralgenius/workspace/isaac-sim-robot-control/ros2_ws/build/robot_controller/resource/robot_controller -> /home/astralgenius/workspace/isaac-sim-robot-control/ros2_ws/install/robot_controller/share/ament_index/resource_index/packages
[0.938s] symbolically linking /home/astralgenius/workspace/isaac-sim-robot-control/ros2_ws/build/robot_controller/package.xml -> /home/astralgenius/workspace/isaac-sim-robot-control/ros2_ws/install/robot_controller/share/robot_controller
[0.962s] Invoked command in '/home/astralgenius/workspace/isaac-sim-robot-control/ros2_ws/build/robot_controller' returned '0': DEBUGINFOD_URLS=https://debuginfod.ubuntu.com PYTHONPATH=/home/astralgenius/workspace/isaac-sim-robot-control/ros2_ws/build/robot_controller/prefix_override:/usr/lib/python3/dist-packages/colcon_core/task/python/colcon_distutils_commands:/home/astralgenius/workspace/isaac-sim-robot-control/ros2_ws/install/robot_controller/lib/python3.12/site-packages:${PYTHONPATH} /usr/bin/python3 -W ignore:setup.py install is deprecated -W ignore:easy_install command is deprecated setup.py develop --editable --build-directory /home/astralgenius/workspace/isaac-sim-robot-control/ros2_ws/build/robot_controller/build --no-deps symlink_data
