[0.207s] Invoking command in '/home/astralgenius/workspace/isaac-sim-robot-control/ros2_ws/build/robot_description': CMAKE_PREFIX_PATH=${CMAKE_PREFIX_PATH}:/opt/ros/jazzy DEBUGINFOD_URLS=https://debuginfod.ubuntu.com /usr/bin/cmake /home/astralgenius/workspace/isaac-sim-robot-control/ros2_ws/src/robot_description -DAMENT_CMAKE_SYMLINK_INSTALL=1 -DCMAKE_INSTALL_PREFIX=/home/astralgenius/workspace/isaac-sim-robot-control/ros2_ws/install/robot_description
[0.268s] -- The C compiler identification is GNU 13.3.0
[0.332s] -- The CXX compiler identification is GNU 13.3.0
[0.346s] -- Detecting C compiler ABI info
[0.413s] -- Detecting C compiler ABI info - done
[0.419s] -- Check for working C compiler: /usr/bin/cc - skipped
[0.420s] -- Detecting C compile features
[0.420s] -- Detecting C compile features - done
[0.428s] -- Detecting CXX compiler ABI info
[0.501s] -- Detecting CXX compiler ABI info - done
[0.508s] -- Check for working CXX compiler: /usr/bin/c++ - skipped
[0.508s] -- Detecting CXX compile features
[0.508s] -- Detecting CXX compile features - done
[0.510s] -- Found ament_cmake: 2.5.6 (/opt/ros/jazzy/share/ament_cmake/cmake)
[0.609s] -- Found Python3: /usr/bin/python3 (found version "3.12.3") found components: Interpreter 
[0.661s] -- Override CMake install command with custom implementation using symlinks instead of copying resources
[0.677s] -- Found ament_lint_auto: 0.17.5 (/opt/ros/jazzy/share/ament_lint_auto/cmake)
[0.740s] -- Added test 'lint_cmake' to check CMake code style
[0.740s] -- Added test 'xmllint' to check XML markup files
[0.742s] -- Configuring done (0.5s)
[0.744s] -- Generating done (0.0s)
[0.745s] -- Build files have been written to: /home/astralgenius/workspace/isaac-sim-robot-control/ros2_ws/build/robot_description
[0.750s] Invoked command in '/home/astralgenius/workspace/isaac-sim-robot-control/ros2_ws/build/robot_description' returned '0': CMAKE_PREFIX_PATH=${CMAKE_PREFIX_PATH}:/opt/ros/jazzy DEBUGINFOD_URLS=https://debuginfod.ubuntu.com /usr/bin/cmake /home/astralgenius/workspace/isaac-sim-robot-control/ros2_ws/src/robot_description -DAMENT_CMAKE_SYMLINK_INSTALL=1 -DCMAKE_INSTALL_PREFIX=/home/astralgenius/workspace/isaac-sim-robot-control/ros2_ws/install/robot_description
[0.752s] Invoking command in '/home/astralgenius/workspace/isaac-sim-robot-control/ros2_ws/build/robot_description': CMAKE_PREFIX_PATH=${CMAKE_PREFIX_PATH}:/opt/ros/jazzy DEBUGINFOD_URLS=https://debuginfod.ubuntu.com /usr/bin/cmake --build /home/astralgenius/workspace/isaac-sim-robot-control/ros2_ws/build/robot_description -- -j16 -l16
[0.780s] Invoked command in '/home/astralgenius/workspace/isaac-sim-robot-control/ros2_ws/build/robot_description' returned '0': CMAKE_PREFIX_PATH=${CMAKE_PREFIX_PATH}:/opt/ros/jazzy DEBUGINFOD_URLS=https://debuginfod.ubuntu.com /usr/bin/cmake --build /home/astralgenius/workspace/isaac-sim-robot-control/ros2_ws/build/robot_description -- -j16 -l16
[0.787s] Invoking command in '/home/astralgenius/workspace/isaac-sim-robot-control/ros2_ws/build/robot_description': CMAKE_PREFIX_PATH=${CMAKE_PREFIX_PATH}:/opt/ros/jazzy DEBUGINFOD_URLS=https://debuginfod.ubuntu.com /usr/bin/cmake --install /home/astralgenius/workspace/isaac-sim-robot-control/ros2_ws/build/robot_description
[0.792s] -- Install configuration: ""
[0.792s] -- Execute custom install script
[0.793s] -- Symlinking: /home/astralgenius/workspace/isaac-sim-robot-control/ros2_ws/install/robot_description/share/ament_index/resource_index/package_run_dependencies/robot_description
[0.800s] -- Symlinking: /home/astralgenius/workspace/isaac-sim-robot-control/ros2_ws/install/robot_description/share/ament_index/resource_index/parent_prefix_path/robot_description
[0.808s] -- Symlinking: /home/astralgenius/workspace/isaac-sim-robot-control/ros2_ws/install/robot_description/share/robot_description/environment/ament_prefix_path.sh
[0.815s] -- Symlinking: /home/astralgenius/workspace/isaac-sim-robot-control/ros2_ws/install/robot_description/share/robot_description/environment/ament_prefix_path.dsv
[0.822s] -- Symlinking: /home/astralgenius/workspace/isaac-sim-robot-control/ros2_ws/install/robot_description/share/robot_description/environment/path.sh
[0.830s] -- Symlinking: /home/astralgenius/workspace/isaac-sim-robot-control/ros2_ws/install/robot_description/share/robot_description/environment/path.dsv
[0.837s] -- Symlinking: /home/astralgenius/workspace/isaac-sim-robot-control/ros2_ws/install/robot_description/share/robot_description/local_setup.bash
[0.843s] -- Symlinking: /home/astralgenius/workspace/isaac-sim-robot-control/ros2_ws/install/robot_description/share/robot_description/local_setup.sh
[0.848s] -- Symlinking: /home/astralgenius/workspace/isaac-sim-robot-control/ros2_ws/install/robot_description/share/robot_description/local_setup.zsh
[0.855s] -- Symlinking: /home/astralgenius/workspace/isaac-sim-robot-control/ros2_ws/install/robot_description/share/robot_description/local_setup.dsv
[0.861s] -- Symlinking: /home/astralgenius/workspace/isaac-sim-robot-control/ros2_ws/install/robot_description/share/robot_description/package.dsv
[0.868s] -- Symlinking: /home/astralgenius/workspace/isaac-sim-robot-control/ros2_ws/install/robot_description/share/ament_index/resource_index/packages/robot_description
[0.875s] -- Symlinking: /home/astralgenius/workspace/isaac-sim-robot-control/ros2_ws/install/robot_description/share/robot_description/cmake/robot_descriptionConfig.cmake
[0.881s] -- Symlinking: /home/astralgenius/workspace/isaac-sim-robot-control/ros2_ws/install/robot_description/share/robot_description/cmake/robot_descriptionConfig-version.cmake
[0.887s] -- Symlinking: /home/astralgenius/workspace/isaac-sim-robot-control/ros2_ws/install/robot_description/share/robot_description/package.xml
[0.894s] Invoked command in '/home/astralgenius/workspace/isaac-sim-robot-control/ros2_ws/build/robot_description' returned '0': CMAKE_PREFIX_PATH=${CMAKE_PREFIX_PATH}:/opt/ros/jazzy DEBUGINFOD_URLS=https://debuginfod.ubuntu.com /usr/bin/cmake --install /home/astralgenius/workspace/isaac-sim-robot-control/ros2_ws/build/robot_description
