[0.656s] Invoking command in '/home/astralgenius/workspace/isaac-sim-robot-control/ros2_ws/build/robot_simulation': DEBUGINFOD_URLS=https://debuginfod.ubuntu.com PYTHONPATH=/home/astralgenius/workspace/isaac-sim-robot-control/ros2_ws/build/robot_simulation/prefix_override:/usr/lib/python3/dist-packages/colcon_core/task/python/colcon_distutils_commands:/home/astralgenius/workspace/isaac-sim-robot-control/ros2_ws/install/robot_simulation/lib/python3.12/site-packages:${PYTHONPATH} /usr/bin/python3 -W ignore:setup.py install is deprecated -W ignore:easy_install command is deprecated setup.py develop --editable --build-directory /home/astralgenius/workspace/isaac-sim-robot-control/ros2_ws/build/robot_simulation/build --no-deps symlink_data
[0.811s] running develop
[0.900s] running egg_info
[0.901s] creating robot_simulation.egg-info
[0.909s] writing robot_simulation.egg-info/PKG-INFO
[0.909s] writing dependency_links to robot_simulation.egg-info/dependency_links.txt
[0.910s] writing requirements to robot_simulation.egg-info/requires.txt
[0.910s] writing top-level names to robot_simulation.egg-info/top_level.txt
[0.910s] writing manifest file 'robot_simulation.egg-info/SOURCES.txt'
[0.926s] reading manifest file 'robot_simulation.egg-info/SOURCES.txt'
[0.926s] writing manifest file 'robot_simulation.egg-info/SOURCES.txt'
[0.936s] running build_ext
[0.936s] Creating /home/astralgenius/workspace/isaac-sim-robot-control/ros2_ws/install/robot_simulation/lib/python3.12/site-packages/robot-simulation.egg-link (link to .)
[0.936s] 
[0.936s] Installed /home/astralgenius/workspace/isaac-sim-robot-control/ros2_ws/build/robot_simulation
[0.936s] running symlink_data
[0.936s] creating /home/astralgenius/workspace/isaac-sim-robot-control/ros2_ws/install/robot_simulation/share/ament_index
[0.936s] creating /home/astralgenius/workspace/isaac-sim-robot-control/ros2_ws/install/robot_simulation/share/ament_index/resource_index
[0.936s] creating /home/astralgenius/workspace/isaac-sim-robot-control/ros2_ws/install/robot_simulation/share/ament_index/resource_index/packages
[0.936s] symbolically linking /home/astralgenius/workspace/isaac-sim-robot-control/ros2_ws/build/robot_simulation/resource/robot_simulation -> /home/astralgenius/workspace/isaac-sim-robot-control/ros2_ws/install/robot_simulation/share/ament_index/resource_index/packages
[0.936s] symbolically linking /home/astralgenius/workspace/isaac-sim-robot-control/ros2_ws/build/robot_simulation/package.xml -> /home/astralgenius/workspace/isaac-sim-robot-control/ros2_ws/install/robot_simulation/share/robot_simulation
[0.967s] Invoked command in '/home/astralgenius/workspace/isaac-sim-robot-control/ros2_ws/build/robot_simulation' returned '0': DEBUGINFOD_URLS=https://debuginfod.ubuntu.com PYTHONPATH=/home/astralgenius/workspace/isaac-sim-robot-control/ros2_ws/build/robot_simulation/prefix_override:/usr/lib/python3/dist-packages/colcon_core/task/python/colcon_distutils_commands:/home/astralgenius/workspace/isaac-sim-robot-control/ros2_ws/install/robot_simulation/lib/python3.12/site-packages:${PYTHONPATH} /usr/bin/python3 -W ignore:setup.py install is deprecated -W ignore:easy_install command is deprecated setup.py develop --editable --build-directory /home/astralgenius/workspace/isaac-sim-robot-control/ros2_ws/build/robot_simulation/build --no-deps symlink_data
