[0.143s] DEBUG:colcon:Command line arguments: ['/usr/bin/colcon', 'build', '--symlink-install']
[0.143s] DEBUG:colcon:Parsed command line arguments: Namespace(log_base=None, log_level=None, verb_name='build', build_base='build', install_base='install', merge_install=False, symlink_install=True, test_result_base=None, continue_on_error=False, executor='parallel', parallel_workers=16, event_handlers=None, ignore_user_meta=False, metas=['./colcon.meta'], base_paths=['.'], packages_ignore=None, packages_ignore_regex=None, paths=None, packages_up_to=None, packages_up_to_regex=None, packages_above=None, packages_above_and_dependencies=None, packages_above_depth=None, packages_select_by_dep=None, packages_skip_by_dep=None, packages_skip_up_to=None, packages_select_build_failed=False, packages_skip_build_finished=False, packages_select_test_failures=False, packages_skip_test_passed=False, packages_select=None, packages_skip=None, packages_select_regex=None, packages_skip_regex=None, packages_start=None, packages_end=None, allow_overriding=[], cmake_args=None, cmake_target=None, cmake_target_skip_unavailable=False, cmake_clean_cache=False, cmake_clean_first=False, cmake_force_configure=False, ament_cmake_args=None, catkin_cmake_args=None, catkin_skip_building_tests=False, mixin_files=None, mixin=None, verb_parser=<colcon_mixin.mixin.mixin_argument.MixinArgumentDecorator object at 0x72df38794260>, verb_extension=<colcon_core.verb.build.BuildVerb object at 0x72df38777e00>, main=<bound method BuildVerb.main of <colcon_core.verb.build.BuildVerb object at 0x72df38777e00>>, mixin_verb=('build',))
[0.178s] Level 1:colcon.colcon_core.package_discovery:discover_packages(colcon_meta) check parameters
[0.178s] Level 1:colcon.colcon_core.package_discovery:discover_packages(recursive) check parameters
[0.178s] Level 1:colcon.colcon_core.package_discovery:discover_packages(ignore) check parameters
[0.178s] Level 1:colcon.colcon_core.package_discovery:discover_packages(path) check parameters
[0.178s] Level 1:colcon.colcon_core.package_discovery:discover_packages(colcon_meta) discover
[0.178s] Level 1:colcon.colcon_core.package_discovery:discover_packages(recursive) discover
[0.179s] INFO:colcon.colcon_core.package_discovery:Crawling recursively for packages in '/home/astralgenius/workspace/isaac-sim-robot-control/ros2_ws'
[0.179s] Level 1:colcon.colcon_core.package_identification:_identify(.) by extensions ['ignore', 'ignore_ament_install']
[0.179s] Level 1:colcon.colcon_core.package_identification:_identify(.) by extension 'ignore'
[0.179s] Level 1:colcon.colcon_core.package_identification:_identify(.) by extension 'ignore_ament_install'
[0.179s] Level 1:colcon.colcon_core.package_identification:_identify(.) by extensions ['colcon_pkg']
[0.179s] Level 1:colcon.colcon_core.package_identification:_identify(.) by extension 'colcon_pkg'
[0.179s] Level 1:colcon.colcon_core.package_identification:_identify(.) by extensions ['colcon_meta']
[0.179s] Level 1:colcon.colcon_core.package_identification:_identify(.) by extension 'colcon_meta'
[0.179s] Level 1:colcon.colcon_core.package_identification:_identify(.) by extensions ['ros']
[0.179s] Level 1:colcon.colcon_core.package_identification:_identify(.) by extension 'ros'
[0.196s] Level 1:colcon.colcon_core.package_identification:_identify(.) by extensions ['cmake', 'python']
[0.196s] Level 1:colcon.colcon_core.package_identification:_identify(.) by extension 'cmake'
[0.196s] Level 1:colcon.colcon_core.package_identification:_identify(.) by extension 'python'
[0.196s] Level 1:colcon.colcon_core.package_identification:_identify(.) by extensions ['python_setup_py']
[0.196s] Level 1:colcon.colcon_core.package_identification:_identify(.) by extension 'python_setup_py'
[0.196s] Level 1:colcon.colcon_core.package_identification:_identify(build) by extensions ['ignore', 'ignore_ament_install']
[0.196s] Level 1:colcon.colcon_core.package_identification:_identify(build) by extension 'ignore'
[0.196s] Level 1:colcon.colcon_core.package_identification:_identify(build) ignored
[0.196s] Level 1:colcon.colcon_core.package_identification:_identify(install) by extensions ['ignore', 'ignore_ament_install']
[0.196s] Level 1:colcon.colcon_core.package_identification:_identify(install) by extension 'ignore'
[0.196s] Level 1:colcon.colcon_core.package_identification:_identify(install) ignored
[0.197s] Level 1:colcon.colcon_core.package_identification:_identify(log) by extensions ['ignore', 'ignore_ament_install']
[0.197s] Level 1:colcon.colcon_core.package_identification:_identify(log) by extension 'ignore'
[0.197s] Level 1:colcon.colcon_core.package_identification:_identify(log) ignored
[0.197s] Level 1:colcon.colcon_core.package_identification:_identify(src) by extensions ['ignore', 'ignore_ament_install']
[0.197s] Level 1:colcon.colcon_core.package_identification:_identify(src) by extension 'ignore'
[0.197s] Level 1:colcon.colcon_core.package_identification:_identify(src) by extension 'ignore_ament_install'
[0.197s] Level 1:colcon.colcon_core.package_identification:_identify(src) by extensions ['colcon_pkg']
[0.197s] Level 1:colcon.colcon_core.package_identification:_identify(src) by extension 'colcon_pkg'
[0.197s] Level 1:colcon.colcon_core.package_identification:_identify(src) by extensions ['colcon_meta']
[0.197s] Level 1:colcon.colcon_core.package_identification:_identify(src) by extension 'colcon_meta'
[0.197s] Level 1:colcon.colcon_core.package_identification:_identify(src) by extensions ['ros']
[0.197s] Level 1:colcon.colcon_core.package_identification:_identify(src) by extension 'ros'
[0.197s] Level 1:colcon.colcon_core.package_identification:_identify(src) by extensions ['cmake', 'python']
[0.197s] Level 1:colcon.colcon_core.package_identification:_identify(src) by extension 'cmake'
[0.197s] Level 1:colcon.colcon_core.package_identification:_identify(src) by extension 'python'
[0.197s] Level 1:colcon.colcon_core.package_identification:_identify(src) by extensions ['python_setup_py']
[0.197s] Level 1:colcon.colcon_core.package_identification:_identify(src) by extension 'python_setup_py'
[0.197s] Level 1:colcon.colcon_core.package_identification:_identify(src/robot_bringup) by extensions ['ignore', 'ignore_ament_install']
[0.197s] Level 1:colcon.colcon_core.package_identification:_identify(src/robot_bringup) by extension 'ignore'
[0.197s] Level 1:colcon.colcon_core.package_identification:_identify(src/robot_bringup) by extension 'ignore_ament_install'
[0.197s] Level 1:colcon.colcon_core.package_identification:_identify(src/robot_bringup) by extensions ['colcon_pkg']
[0.197s] Level 1:colcon.colcon_core.package_identification:_identify(src/robot_bringup) by extension 'colcon_pkg'
[0.197s] Level 1:colcon.colcon_core.package_identification:_identify(src/robot_bringup) by extensions ['colcon_meta']
[0.197s] Level 1:colcon.colcon_core.package_identification:_identify(src/robot_bringup) by extension 'colcon_meta'
[0.197s] Level 1:colcon.colcon_core.package_identification:_identify(src/robot_bringup) by extensions ['ros']
[0.197s] Level 1:colcon.colcon_core.package_identification:_identify(src/robot_bringup) by extension 'ros'
[0.199s] DEBUG:colcon.colcon_core.package_identification:Package 'src/robot_bringup' with type 'ros.ament_python' and name 'robot_bringup'
[0.199s] Level 1:colcon.colcon_core.package_identification:_identify(src/robot_controller) by extensions ['ignore', 'ignore_ament_install']
[0.199s] Level 1:colcon.colcon_core.package_identification:_identify(src/robot_controller) by extension 'ignore'
[0.199s] Level 1:colcon.colcon_core.package_identification:_identify(src/robot_controller) by extension 'ignore_ament_install'
[0.199s] Level 1:colcon.colcon_core.package_identification:_identify(src/robot_controller) by extensions ['colcon_pkg']
[0.199s] Level 1:colcon.colcon_core.package_identification:_identify(src/robot_controller) by extension 'colcon_pkg'
[0.199s] Level 1:colcon.colcon_core.package_identification:_identify(src/robot_controller) by extensions ['colcon_meta']
[0.199s] Level 1:colcon.colcon_core.package_identification:_identify(src/robot_controller) by extension 'colcon_meta'
[0.199s] Level 1:colcon.colcon_core.package_identification:_identify(src/robot_controller) by extensions ['ros']
[0.200s] Level 1:colcon.colcon_core.package_identification:_identify(src/robot_controller) by extension 'ros'
[0.200s] DEBUG:colcon.colcon_core.package_identification:Package 'src/robot_controller' with type 'ros.ament_python' and name 'robot_controller'
[0.200s] Level 1:colcon.colcon_core.package_identification:_identify(src/robot_description) by extensions ['ignore', 'ignore_ament_install']
[0.200s] Level 1:colcon.colcon_core.package_identification:_identify(src/robot_description) by extension 'ignore'
[0.200s] Level 1:colcon.colcon_core.package_identification:_identify(src/robot_description) by extension 'ignore_ament_install'
[0.200s] Level 1:colcon.colcon_core.package_identification:_identify(src/robot_description) by extensions ['colcon_pkg']
[0.200s] Level 1:colcon.colcon_core.package_identification:_identify(src/robot_description) by extension 'colcon_pkg'
[0.200s] Level 1:colcon.colcon_core.package_identification:_identify(src/robot_description) by extensions ['colcon_meta']
[0.200s] Level 1:colcon.colcon_core.package_identification:_identify(src/robot_description) by extension 'colcon_meta'
[0.200s] Level 1:colcon.colcon_core.package_identification:_identify(src/robot_description) by extensions ['ros']
[0.200s] Level 1:colcon.colcon_core.package_identification:_identify(src/robot_description) by extension 'ros'
[0.201s] DEBUG:colcon.colcon_core.package_identification:Package 'src/robot_description' with type 'ros.ament_cmake' and name 'robot_description'
[0.201s] Level 1:colcon.colcon_core.package_identification:_identify(src/robot_simulation) by extensions ['ignore', 'ignore_ament_install']
[0.201s] Level 1:colcon.colcon_core.package_identification:_identify(src/robot_simulation) by extension 'ignore'
[0.201s] Level 1:colcon.colcon_core.package_identification:_identify(src/robot_simulation) by extension 'ignore_ament_install'
[0.201s] Level 1:colcon.colcon_core.package_identification:_identify(src/robot_simulation) by extensions ['colcon_pkg']
[0.201s] Level 1:colcon.colcon_core.package_identification:_identify(src/robot_simulation) by extension 'colcon_pkg'
[0.201s] Level 1:colcon.colcon_core.package_identification:_identify(src/robot_simulation) by extensions ['colcon_meta']
[0.201s] Level 1:colcon.colcon_core.package_identification:_identify(src/robot_simulation) by extension 'colcon_meta'
[0.201s] Level 1:colcon.colcon_core.package_identification:_identify(src/robot_simulation) by extensions ['ros']
[0.201s] Level 1:colcon.colcon_core.package_identification:_identify(src/robot_simulation) by extension 'ros'
[0.201s] DEBUG:colcon.colcon_core.package_identification:Package 'src/robot_simulation' with type 'ros.ament_python' and name 'robot_simulation'
[0.201s] Level 1:colcon.colcon_core.package_discovery:discover_packages(recursive) using defaults
[0.201s] Level 1:colcon.colcon_core.package_discovery:discover_packages(ignore) discover
[0.201s] Level 1:colcon.colcon_core.package_discovery:discover_packages(ignore) using defaults
[0.201s] Level 1:colcon.colcon_core.package_discovery:discover_packages(path) discover
[0.201s] Level 1:colcon.colcon_core.package_discovery:discover_packages(path) using defaults
[0.215s] Level 1:colcon.colcon_core.package_discovery:discover_packages(prefix_path) check parameters
[0.215s] Level 1:colcon.colcon_core.package_discovery:discover_packages(prefix_path) discover
[0.217s] DEBUG:colcon.colcon_installed_package_information.package_discovery:Found 287 installed packages in /opt/ros/jazzy
[0.218s] Level 1:colcon.colcon_core.package_discovery:discover_packages(prefix_path) using defaults
[0.238s] Level 5:colcon.colcon_core.verb:set package 'robot_bringup' build argument 'cmake_args' from command line to 'None'
[0.238s] Level 5:colcon.colcon_core.verb:set package 'robot_bringup' build argument 'cmake_target' from command line to 'None'
[0.238s] Level 5:colcon.colcon_core.verb:set package 'robot_bringup' build argument 'cmake_target_skip_unavailable' from command line to 'False'
[0.238s] Level 5:colcon.colcon_core.verb:set package 'robot_bringup' build argument 'cmake_clean_cache' from command line to 'False'
[0.238s] Level 5:colcon.colcon_core.verb:set package 'robot_bringup' build argument 'cmake_clean_first' from command line to 'False'
[0.238s] Level 5:colcon.colcon_core.verb:set package 'robot_bringup' build argument 'cmake_force_configure' from command line to 'False'
[0.238s] Level 5:colcon.colcon_core.verb:set package 'robot_bringup' build argument 'ament_cmake_args' from command line to 'None'
[0.238s] Level 5:colcon.colcon_core.verb:set package 'robot_bringup' build argument 'catkin_cmake_args' from command line to 'None'
[0.238s] Level 5:colcon.colcon_core.verb:set package 'robot_bringup' build argument 'catkin_skip_building_tests' from command line to 'False'
[0.238s] DEBUG:colcon.colcon_core.verb:Building package 'robot_bringup' with the following arguments: {'ament_cmake_args': None, 'build_base': '/home/astralgenius/workspace/isaac-sim-robot-control/ros2_ws/build/robot_bringup', 'catkin_cmake_args': None, 'catkin_skip_building_tests': False, 'cmake_args': None, 'cmake_clean_cache': False, 'cmake_clean_first': False, 'cmake_force_configure': False, 'cmake_target': None, 'cmake_target_skip_unavailable': False, 'install_base': '/home/astralgenius/workspace/isaac-sim-robot-control/ros2_ws/install/robot_bringup', 'merge_install': False, 'path': '/home/astralgenius/workspace/isaac-sim-robot-control/ros2_ws/src/robot_bringup', 'symlink_install': True, 'test_result_base': None}
[0.238s] Level 5:colcon.colcon_core.verb:set package 'robot_controller' build argument 'cmake_args' from command line to 'None'
[0.238s] Level 5:colcon.colcon_core.verb:set package 'robot_controller' build argument 'cmake_target' from command line to 'None'
[0.238s] Level 5:colcon.colcon_core.verb:set package 'robot_controller' build argument 'cmake_target_skip_unavailable' from command line to 'False'
[0.238s] Level 5:colcon.colcon_core.verb:set package 'robot_controller' build argument 'cmake_clean_cache' from command line to 'False'
[0.238s] Level 5:colcon.colcon_core.verb:set package 'robot_controller' build argument 'cmake_clean_first' from command line to 'False'
[0.238s] Level 5:colcon.colcon_core.verb:set package 'robot_controller' build argument 'cmake_force_configure' from command line to 'False'
[0.238s] Level 5:colcon.colcon_core.verb:set package 'robot_controller' build argument 'ament_cmake_args' from command line to 'None'
[0.238s] Level 5:colcon.colcon_core.verb:set package 'robot_controller' build argument 'catkin_cmake_args' from command line to 'None'
[0.238s] Level 5:colcon.colcon_core.verb:set package 'robot_controller' build argument 'catkin_skip_building_tests' from command line to 'False'
[0.238s] DEBUG:colcon.colcon_core.verb:Building package 'robot_controller' with the following arguments: {'ament_cmake_args': None, 'build_base': '/home/astralgenius/workspace/isaac-sim-robot-control/ros2_ws/build/robot_controller', 'catkin_cmake_args': None, 'catkin_skip_building_tests': False, 'cmake_args': None, 'cmake_clean_cache': False, 'cmake_clean_first': False, 'cmake_force_configure': False, 'cmake_target': None, 'cmake_target_skip_unavailable': False, 'install_base': '/home/astralgenius/workspace/isaac-sim-robot-control/ros2_ws/install/robot_controller', 'merge_install': False, 'path': '/home/astralgenius/workspace/isaac-sim-robot-control/ros2_ws/src/robot_controller', 'symlink_install': True, 'test_result_base': None}
[0.239s] Level 5:colcon.colcon_core.verb:set package 'robot_description' build argument 'cmake_args' from command line to 'None'
[0.239s] Level 5:colcon.colcon_core.verb:set package 'robot_description' build argument 'cmake_target' from command line to 'None'
[0.239s] Level 5:colcon.colcon_core.verb:set package 'robot_description' build argument 'cmake_target_skip_unavailable' from command line to 'False'
[0.239s] Level 5:colcon.colcon_core.verb:set package 'robot_description' build argument 'cmake_clean_cache' from command line to 'False'
[0.239s] Level 5:colcon.colcon_core.verb:set package 'robot_description' build argument 'cmake_clean_first' from command line to 'False'
[0.239s] Level 5:colcon.colcon_core.verb:set package 'robot_description' build argument 'cmake_force_configure' from command line to 'False'
[0.239s] Level 5:colcon.colcon_core.verb:set package 'robot_description' build argument 'ament_cmake_args' from command line to 'None'
[0.239s] Level 5:colcon.colcon_core.verb:set package 'robot_description' build argument 'catkin_cmake_args' from command line to 'None'
[0.239s] Level 5:colcon.colcon_core.verb:set package 'robot_description' build argument 'catkin_skip_building_tests' from command line to 'False'
[0.239s] DEBUG:colcon.colcon_core.verb:Building package 'robot_description' with the following arguments: {'ament_cmake_args': None, 'build_base': '/home/astralgenius/workspace/isaac-sim-robot-control/ros2_ws/build/robot_description', 'catkin_cmake_args': None, 'catkin_skip_building_tests': False, 'cmake_args': None, 'cmake_clean_cache': False, 'cmake_clean_first': False, 'cmake_force_configure': False, 'cmake_target': None, 'cmake_target_skip_unavailable': False, 'install_base': '/home/astralgenius/workspace/isaac-sim-robot-control/ros2_ws/install/robot_description', 'merge_install': False, 'path': '/home/astralgenius/workspace/isaac-sim-robot-control/ros2_ws/src/robot_description', 'symlink_install': True, 'test_result_base': None}
[0.239s] Level 5:colcon.colcon_core.verb:set package 'robot_simulation' build argument 'cmake_args' from command line to 'None'
[0.239s] Level 5:colcon.colcon_core.verb:set package 'robot_simulation' build argument 'cmake_target' from command line to 'None'
[0.239s] Level 5:colcon.colcon_core.verb:set package 'robot_simulation' build argument 'cmake_target_skip_unavailable' from command line to 'False'
[0.239s] Level 5:colcon.colcon_core.verb:set package 'robot_simulation' build argument 'cmake_clean_cache' from command line to 'False'
[0.239s] Level 5:colcon.colcon_core.verb:set package 'robot_simulation' build argument 'cmake_clean_first' from command line to 'False'
[0.239s] Level 5:colcon.colcon_core.verb:set package 'robot_simulation' build argument 'cmake_force_configure' from command line to 'False'
[0.239s] Level 5:colcon.colcon_core.verb:set package 'robot_simulation' build argument 'ament_cmake_args' from command line to 'None'
[0.239s] Level 5:colcon.colcon_core.verb:set package 'robot_simulation' build argument 'catkin_cmake_args' from command line to 'None'
[0.239s] Level 5:colcon.colcon_core.verb:set package 'robot_simulation' build argument 'catkin_skip_building_tests' from command line to 'False'
[0.239s] DEBUG:colcon.colcon_core.verb:Building package 'robot_simulation' with the following arguments: {'ament_cmake_args': None, 'build_base': '/home/astralgenius/workspace/isaac-sim-robot-control/ros2_ws/build/robot_simulation', 'catkin_cmake_args': None, 'catkin_skip_building_tests': False, 'cmake_args': None, 'cmake_clean_cache': False, 'cmake_clean_first': False, 'cmake_force_configure': False, 'cmake_target': None, 'cmake_target_skip_unavailable': False, 'install_base': '/home/astralgenius/workspace/isaac-sim-robot-control/ros2_ws/install/robot_simulation', 'merge_install': False, 'path': '/home/astralgenius/workspace/isaac-sim-robot-control/ros2_ws/src/robot_simulation', 'symlink_install': True, 'test_result_base': None}
[0.239s] INFO:colcon.colcon_core.executor:Executing jobs using 'parallel' executor
[0.240s] DEBUG:colcon.colcon_parallel_executor.executor.parallel:run_until_complete
[0.240s] INFO:colcon.colcon_ros.task.ament_python.build:Building ROS package in '/home/astralgenius/workspace/isaac-sim-robot-control/ros2_ws/src/robot_bringup' with build type 'ament_python'
[0.240s] Level 1:colcon.colcon_core.shell:create_environment_hook('robot_bringup', 'ament_prefix_path')
[0.242s] INFO:colcon.colcon_core.plugin_system:Skipping extension 'colcon_core.shell.bat': Not used on non-Windows systems
[0.242s] INFO:colcon.colcon_core.shell:Creating environment hook '/home/astralgenius/workspace/isaac-sim-robot-control/ros2_ws/install/robot_bringup/share/robot_bringup/hook/ament_prefix_path.ps1'
[0.243s] INFO:colcon.colcon_core.shell:Creating environment descriptor '/home/astralgenius/workspace/isaac-sim-robot-control/ros2_ws/install/robot_bringup/share/robot_bringup/hook/ament_prefix_path.dsv'
[0.243s] INFO:colcon.colcon_core.shell:Creating environment hook '/home/astralgenius/workspace/isaac-sim-robot-control/ros2_ws/install/robot_bringup/share/robot_bringup/hook/ament_prefix_path.sh'
[0.243s] INFO:colcon.colcon_core.shell:Skip shell extension 'powershell' for command environment: Not usable outside of PowerShell
[0.243s] DEBUG:colcon.colcon_core.shell:Skip shell extension 'dsv' for command environment
[0.245s] INFO:colcon.colcon_ros.task.ament_python.build:Building ROS package in '/home/astralgenius/workspace/isaac-sim-robot-control/ros2_ws/src/robot_controller' with build type 'ament_python'
[0.245s] Level 1:colcon.colcon_core.shell:create_environment_hook('robot_controller', 'ament_prefix_path')
[0.245s] INFO:colcon.colcon_core.shell:Creating environment hook '/home/astralgenius/workspace/isaac-sim-robot-control/ros2_ws/install/robot_controller/share/robot_controller/hook/ament_prefix_path.ps1'
[0.245s] INFO:colcon.colcon_core.shell:Creating environment descriptor '/home/astralgenius/workspace/isaac-sim-robot-control/ros2_ws/install/robot_controller/share/robot_controller/hook/ament_prefix_path.dsv'
[0.245s] INFO:colcon.colcon_core.shell:Creating environment hook '/home/astralgenius/workspace/isaac-sim-robot-control/ros2_ws/install/robot_controller/share/robot_controller/hook/ament_prefix_path.sh'
[0.246s] INFO:colcon.colcon_core.shell:Skip shell extension 'powershell' for command environment: Not usable outside of PowerShell
[0.246s] DEBUG:colcon.colcon_core.shell:Skip shell extension 'dsv' for command environment
[0.247s] INFO:colcon.colcon_ros.task.ament_cmake.build:Building ROS package in '/home/astralgenius/workspace/isaac-sim-robot-control/ros2_ws/src/robot_description' with build type 'ament_cmake'
[0.247s] INFO:colcon.colcon_cmake.task.cmake.build:Building CMake package in '/home/astralgenius/workspace/isaac-sim-robot-control/ros2_ws/src/robot_description'
[0.247s] INFO:colcon.colcon_core.shell:Skip shell extension 'powershell' for command environment: Not usable outside of PowerShell
[0.247s] DEBUG:colcon.colcon_core.shell:Skip shell extension 'dsv' for command environment
[0.248s] INFO:colcon.colcon_ros.task.ament_python.build:Building ROS package in '/home/astralgenius/workspace/isaac-sim-robot-control/ros2_ws/src/robot_simulation' with build type 'ament_python'
[0.248s] Level 1:colcon.colcon_core.shell:create_environment_hook('robot_simulation', 'ament_prefix_path')
[0.248s] INFO:colcon.colcon_core.shell:Creating environment hook '/home/astralgenius/workspace/isaac-sim-robot-control/ros2_ws/install/robot_simulation/share/robot_simulation/hook/ament_prefix_path.ps1'
[0.248s] INFO:colcon.colcon_core.shell:Creating environment descriptor '/home/astralgenius/workspace/isaac-sim-robot-control/ros2_ws/install/robot_simulation/share/robot_simulation/hook/ament_prefix_path.dsv'
[0.248s] INFO:colcon.colcon_core.shell:Creating environment hook '/home/astralgenius/workspace/isaac-sim-robot-control/ros2_ws/install/robot_simulation/share/robot_simulation/hook/ament_prefix_path.sh'
[0.248s] INFO:colcon.colcon_core.shell:Skip shell extension 'powershell' for command environment: Not usable outside of PowerShell
[0.249s] DEBUG:colcon.colcon_core.shell:Skip shell extension 'dsv' for command environment
[0.348s] INFO:colcon.colcon_core.task.python.build:Building Python package in '/home/astralgenius/workspace/isaac-sim-robot-control/ros2_ws/src/robot_bringup'
[0.349s] INFO:colcon.colcon_core.shell:Skip shell extension 'powershell' for command environment: Not usable outside of PowerShell
[0.349s] DEBUG:colcon.colcon_core.shell:Skip shell extension 'dsv' for command environment
[0.449s] INFO:colcon.colcon_core.task.python.build:Building Python package in '/home/astralgenius/workspace/isaac-sim-robot-control/ros2_ws/src/robot_controller'
[0.449s] INFO:colcon.colcon_core.shell:Skip shell extension 'powershell' for command environment: Not usable outside of PowerShell
[0.449s] DEBUG:colcon.colcon_core.shell:Skip shell extension 'dsv' for command environment
[0.453s] DEBUG:colcon.colcon_core.event_handler.log_command:Invoking command in '/home/astralgenius/workspace/isaac-sim-robot-control/ros2_ws/build/robot_description': CMAKE_PREFIX_PATH=${CMAKE_PREFIX_PATH}:/opt/ros/jazzy DEBUGINFOD_URLS=https://debuginfod.ubuntu.com /usr/bin/cmake --build /home/astralgenius/workspace/isaac-sim-robot-control/ros2_ws/build/robot_description -- -j16 -l16
[0.551s] INFO:colcon.colcon_core.task.python.build:Building Python package in '/home/astralgenius/workspace/isaac-sim-robot-control/ros2_ws/src/robot_simulation'
[0.551s] INFO:colcon.colcon_core.shell:Skip shell extension 'powershell' for command environment: Not usable outside of PowerShell
[0.552s] DEBUG:colcon.colcon_core.shell:Skip shell extension 'dsv' for command environment
[0.556s] DEBUG:colcon.colcon_core.event_handler.log_command:Invoked command in '/home/astralgenius/workspace/isaac-sim-robot-control/ros2_ws/build/robot_description' returned '0': CMAKE_PREFIX_PATH=${CMAKE_PREFIX_PATH}:/opt/ros/jazzy DEBUGINFOD_URLS=https://debuginfod.ubuntu.com /usr/bin/cmake --build /home/astralgenius/workspace/isaac-sim-robot-control/ros2_ws/build/robot_description -- -j16 -l16
[0.563s] DEBUG:colcon.colcon_core.event_handler.log_command:Invoking command in '/home/astralgenius/workspace/isaac-sim-robot-control/ros2_ws/build/robot_description': CMAKE_PREFIX_PATH=${CMAKE_PREFIX_PATH}:/opt/ros/jazzy DEBUGINFOD_URLS=https://debuginfod.ubuntu.com /usr/bin/cmake --install /home/astralgenius/workspace/isaac-sim-robot-control/ros2_ws/build/robot_description
[0.579s] Level 1:colcon.colcon_core.environment:create_environment_scripts_only(robot_description)
[0.579s] DEBUG:colcon.colcon_core.event_handler.log_command:Invoked command in '/home/astralgenius/workspace/isaac-sim-robot-control/ros2_ws/build/robot_description' returned '0': CMAKE_PREFIX_PATH=${CMAKE_PREFIX_PATH}:/opt/ros/jazzy DEBUGINFOD_URLS=https://debuginfod.ubuntu.com /usr/bin/cmake --install /home/astralgenius/workspace/isaac-sim-robot-control/ros2_ws/build/robot_description
[0.583s] Level 1:colcon.colcon_core.environment:checking '/home/astralgenius/workspace/isaac-sim-robot-control/ros2_ws/install/robot_description' for CMake module files
[0.583s] Level 1:colcon.colcon_core.environment:checking '/home/astralgenius/workspace/isaac-sim-robot-control/ros2_ws/install/robot_description' for CMake config files
[0.583s] Level 1:colcon.colcon_core.shell:create_environment_hook('robot_description', 'cmake_prefix_path')
[0.583s] INFO:colcon.colcon_core.shell:Creating environment hook '/home/astralgenius/workspace/isaac-sim-robot-control/ros2_ws/install/robot_description/share/robot_description/hook/cmake_prefix_path.ps1'
[0.584s] INFO:colcon.colcon_core.shell:Creating environment descriptor '/home/astralgenius/workspace/isaac-sim-robot-control/ros2_ws/install/robot_description/share/robot_description/hook/cmake_prefix_path.dsv'
[0.584s] INFO:colcon.colcon_core.shell:Creating environment hook '/home/astralgenius/workspace/isaac-sim-robot-control/ros2_ws/install/robot_description/share/robot_description/hook/cmake_prefix_path.sh'
[0.584s] Level 1:colcon.colcon_core.environment:checking '/home/astralgenius/workspace/isaac-sim-robot-control/ros2_ws/install/robot_description/bin'
[0.584s] Level 1:colcon.colcon_core.environment:checking '/home/astralgenius/workspace/isaac-sim-robot-control/ros2_ws/install/robot_description/lib/pkgconfig/robot_description.pc'
[0.584s] Level 1:colcon.colcon_core.environment:checking '/home/astralgenius/workspace/isaac-sim-robot-control/ros2_ws/install/robot_description/lib/python3.12/site-packages'
[0.584s] Level 1:colcon.colcon_core.environment:checking '/home/astralgenius/workspace/isaac-sim-robot-control/ros2_ws/install/robot_description/bin'
[0.585s] INFO:colcon.colcon_core.shell:Creating package script '/home/astralgenius/workspace/isaac-sim-robot-control/ros2_ws/install/robot_description/share/robot_description/package.ps1'
[0.585s] INFO:colcon.colcon_core.shell:Creating package descriptor '/home/astralgenius/workspace/isaac-sim-robot-control/ros2_ws/install/robot_description/share/robot_description/package.dsv'
[0.586s] INFO:colcon.colcon_core.shell:Creating package script '/home/astralgenius/workspace/isaac-sim-robot-control/ros2_ws/install/robot_description/share/robot_description/package.sh'
[0.586s] INFO:colcon.colcon_core.shell:Creating package script '/home/astralgenius/workspace/isaac-sim-robot-control/ros2_ws/install/robot_description/share/robot_description/package.bash'
[0.587s] INFO:colcon.colcon_core.shell:Creating package script '/home/astralgenius/workspace/isaac-sim-robot-control/ros2_ws/install/robot_description/share/robot_description/package.zsh'
[0.587s] Level 1:colcon.colcon_core.environment:create_file_with_runtime_dependencies(/home/astralgenius/workspace/isaac-sim-robot-control/ros2_ws/install/robot_description/share/colcon-core/packages/robot_description)
[0.587s] Level 1:colcon.colcon_core.environment:create_environment_scripts_only(robot_description)
[0.587s] Level 1:colcon.colcon_core.environment:checking '/home/astralgenius/workspace/isaac-sim-robot-control/ros2_ws/install/robot_description' for CMake module files
[0.588s] Level 1:colcon.colcon_core.environment:checking '/home/astralgenius/workspace/isaac-sim-robot-control/ros2_ws/install/robot_description' for CMake config files
[0.588s] Level 1:colcon.colcon_core.shell:create_environment_hook('robot_description', 'cmake_prefix_path')
[0.588s] INFO:colcon.colcon_core.shell:Creating environment hook '/home/astralgenius/workspace/isaac-sim-robot-control/ros2_ws/install/robot_description/share/robot_description/hook/cmake_prefix_path.ps1'
[0.588s] INFO:colcon.colcon_core.shell:Creating environment descriptor '/home/astralgenius/workspace/isaac-sim-robot-control/ros2_ws/install/robot_description/share/robot_description/hook/cmake_prefix_path.dsv'
[0.588s] INFO:colcon.colcon_core.shell:Creating environment hook '/home/astralgenius/workspace/isaac-sim-robot-control/ros2_ws/install/robot_description/share/robot_description/hook/cmake_prefix_path.sh'
[0.589s] Level 1:colcon.colcon_core.environment:checking '/home/astralgenius/workspace/isaac-sim-robot-control/ros2_ws/install/robot_description/bin'
[0.589s] Level 1:colcon.colcon_core.environment:checking '/home/astralgenius/workspace/isaac-sim-robot-control/ros2_ws/install/robot_description/lib/pkgconfig/robot_description.pc'
[0.589s] Level 1:colcon.colcon_core.environment:checking '/home/astralgenius/workspace/isaac-sim-robot-control/ros2_ws/install/robot_description/lib/python3.12/site-packages'
[0.589s] Level 1:colcon.colcon_core.environment:checking '/home/astralgenius/workspace/isaac-sim-robot-control/ros2_ws/install/robot_description/bin'
[0.589s] INFO:colcon.colcon_core.shell:Creating package script '/home/astralgenius/workspace/isaac-sim-robot-control/ros2_ws/install/robot_description/share/robot_description/package.ps1'
[0.590s] INFO:colcon.colcon_core.shell:Creating package descriptor '/home/astralgenius/workspace/isaac-sim-robot-control/ros2_ws/install/robot_description/share/robot_description/package.dsv'
[0.590s] INFO:colcon.colcon_core.shell:Creating package script '/home/astralgenius/workspace/isaac-sim-robot-control/ros2_ws/install/robot_description/share/robot_description/package.sh'
[0.590s] INFO:colcon.colcon_core.shell:Creating package script '/home/astralgenius/workspace/isaac-sim-robot-control/ros2_ws/install/robot_description/share/robot_description/package.bash'
[0.590s] INFO:colcon.colcon_core.shell:Creating package script '/home/astralgenius/workspace/isaac-sim-robot-control/ros2_ws/install/robot_description/share/robot_description/package.zsh'
[0.590s] Level 1:colcon.colcon_core.environment:create_file_with_runtime_dependencies(/home/astralgenius/workspace/isaac-sim-robot-control/ros2_ws/install/robot_description/share/colcon-core/packages/robot_description)
[0.877s] DEBUG:colcon.colcon_core.event_handler.log_command:Invoking command in '/home/astralgenius/workspace/isaac-sim-robot-control/ros2_ws/build/robot_controller': DEBUGINFOD_URLS=https://debuginfod.ubuntu.com PYTHONPATH=/home/astralgenius/workspace/isaac-sim-robot-control/ros2_ws/build/robot_controller/prefix_override:/usr/lib/python3/dist-packages/colcon_core/task/python/colcon_distutils_commands:/home/astralgenius/workspace/isaac-sim-robot-control/ros2_ws/install/robot_controller/lib/python3.12/site-packages:${PYTHONPATH} /usr/bin/python3 -W ignore:setup.py install is deprecated -W ignore:easy_install command is deprecated setup.py develop --editable --build-directory /home/astralgenius/workspace/isaac-sim-robot-control/ros2_ws/build/robot_controller/build --no-deps symlink_data
[0.877s] DEBUG:colcon.colcon_core.event_handler.log_command:Invoking command in '/home/astralgenius/workspace/isaac-sim-robot-control/ros2_ws/build/robot_simulation': DEBUGINFOD_URLS=https://debuginfod.ubuntu.com PYTHONPATH=/home/astralgenius/workspace/isaac-sim-robot-control/ros2_ws/build/robot_simulation/prefix_override:/usr/lib/python3/dist-packages/colcon_core/task/python/colcon_distutils_commands:/home/astralgenius/workspace/isaac-sim-robot-control/ros2_ws/install/robot_simulation/lib/python3.12/site-packages:${PYTHONPATH} /usr/bin/python3 -W ignore:setup.py install is deprecated -W ignore:easy_install command is deprecated setup.py develop --editable --build-directory /home/astralgenius/workspace/isaac-sim-robot-control/ros2_ws/build/robot_simulation/build --no-deps symlink_data
[0.879s] DEBUG:colcon.colcon_core.event_handler.log_command:Invoking command in '/home/astralgenius/workspace/isaac-sim-robot-control/ros2_ws/build/robot_bringup': DEBUGINFOD_URLS=https://debuginfod.ubuntu.com PYTHONPATH=/home/astralgenius/workspace/isaac-sim-robot-control/ros2_ws/build/robot_bringup/prefix_override:/usr/lib/python3/dist-packages/colcon_core/task/python/colcon_distutils_commands:/home/astralgenius/workspace/isaac-sim-robot-control/ros2_ws/install/robot_bringup/lib/python3.12/site-packages:${PYTHONPATH} /usr/bin/python3 -W ignore:setup.py install is deprecated -W ignore:easy_install command is deprecated setup.py develop --editable --build-directory /home/astralgenius/workspace/isaac-sim-robot-control/ros2_ws/build/robot_bringup/build --no-deps symlink_data
[1.149s] Level 1:colcon.colcon_core.shell:create_environment_hook('robot_simulation', 'pythonpath_develop')
[1.149s] INFO:colcon.colcon_core.shell:Creating environment hook '/home/astralgenius/workspace/isaac-sim-robot-control/ros2_ws/build/robot_simulation/share/robot_simulation/hook/pythonpath_develop.ps1'
[1.150s] DEBUG:colcon.colcon_core.event_handler.log_command:Invoked command in '/home/astralgenius/workspace/isaac-sim-robot-control/ros2_ws/build/robot_simulation' returned '0': DEBUGINFOD_URLS=https://debuginfod.ubuntu.com PYTHONPATH=/home/astralgenius/workspace/isaac-sim-robot-control/ros2_ws/build/robot_simulation/prefix_override:/usr/lib/python3/dist-packages/colcon_core/task/python/colcon_distutils_commands:/home/astralgenius/workspace/isaac-sim-robot-control/ros2_ws/install/robot_simulation/lib/python3.12/site-packages:${PYTHONPATH} /usr/bin/python3 -W ignore:setup.py install is deprecated -W ignore:easy_install command is deprecated setup.py develop --editable --build-directory /home/astralgenius/workspace/isaac-sim-robot-control/ros2_ws/build/robot_simulation/build --no-deps symlink_data
[1.150s] INFO:colcon.colcon_core.shell:Creating environment descriptor '/home/astralgenius/workspace/isaac-sim-robot-control/ros2_ws/build/robot_simulation/share/robot_simulation/hook/pythonpath_develop.dsv'
[1.150s] INFO:colcon.colcon_core.shell:Creating environment hook '/home/astralgenius/workspace/isaac-sim-robot-control/ros2_ws/build/robot_simulation/share/robot_simulation/hook/pythonpath_develop.sh'
[1.150s] Level 1:colcon.colcon_core.environment:checking '/home/astralgenius/workspace/isaac-sim-robot-control/ros2_ws/install/robot_simulation' for CMake module files
[1.151s] Level 1:colcon.colcon_core.environment:checking '/home/astralgenius/workspace/isaac-sim-robot-control/ros2_ws/install/robot_simulation' for CMake config files
[1.151s] Level 1:colcon.colcon_core.environment:checking '/home/astralgenius/workspace/isaac-sim-robot-control/ros2_ws/install/robot_simulation/lib'
[1.151s] Level 1:colcon.colcon_core.environment:checking '/home/astralgenius/workspace/isaac-sim-robot-control/ros2_ws/install/robot_simulation/bin'
[1.151s] Level 1:colcon.colcon_core.environment:checking '/home/astralgenius/workspace/isaac-sim-robot-control/ros2_ws/install/robot_simulation/lib/pkgconfig/robot_simulation.pc'
[1.151s] Level 1:colcon.colcon_core.environment:checking '/home/astralgenius/workspace/isaac-sim-robot-control/ros2_ws/install/robot_simulation/lib/python3.12/site-packages'
[1.151s] Level 1:colcon.colcon_core.shell:create_environment_hook('robot_simulation', 'pythonpath')
[1.151s] INFO:colcon.colcon_core.shell:Creating environment hook '/home/astralgenius/workspace/isaac-sim-robot-control/ros2_ws/install/robot_simulation/share/robot_simulation/hook/pythonpath.ps1'
[1.152s] INFO:colcon.colcon_core.shell:Creating environment descriptor '/home/astralgenius/workspace/isaac-sim-robot-control/ros2_ws/install/robot_simulation/share/robot_simulation/hook/pythonpath.dsv'
[1.152s] INFO:colcon.colcon_core.shell:Creating environment hook '/home/astralgenius/workspace/isaac-sim-robot-control/ros2_ws/install/robot_simulation/share/robot_simulation/hook/pythonpath.sh'
[1.152s] Level 1:colcon.colcon_core.environment:checking '/home/astralgenius/workspace/isaac-sim-robot-control/ros2_ws/install/robot_simulation/bin'
[1.152s] Level 1:colcon.colcon_core.environment:create_environment_scripts_only(robot_simulation)
[1.152s] INFO:colcon.colcon_core.shell:Creating package script '/home/astralgenius/workspace/isaac-sim-robot-control/ros2_ws/install/robot_simulation/share/robot_simulation/package.ps1'
[1.153s] INFO:colcon.colcon_core.shell:Creating package descriptor '/home/astralgenius/workspace/isaac-sim-robot-control/ros2_ws/install/robot_simulation/share/robot_simulation/package.dsv'
[1.153s] INFO:colcon.colcon_core.shell:Creating package script '/home/astralgenius/workspace/isaac-sim-robot-control/ros2_ws/install/robot_simulation/share/robot_simulation/package.sh'
[1.153s] INFO:colcon.colcon_core.shell:Creating package script '/home/astralgenius/workspace/isaac-sim-robot-control/ros2_ws/install/robot_simulation/share/robot_simulation/package.bash'
[1.153s] INFO:colcon.colcon_core.shell:Creating package script '/home/astralgenius/workspace/isaac-sim-robot-control/ros2_ws/install/robot_simulation/share/robot_simulation/package.zsh'
[1.153s] Level 1:colcon.colcon_core.environment:create_file_with_runtime_dependencies(/home/astralgenius/workspace/isaac-sim-robot-control/ros2_ws/install/robot_simulation/share/colcon-core/packages/robot_simulation)
[1.153s] Level 1:colcon.colcon_core.shell:create_environment_hook('robot_bringup', 'pythonpath_develop')
[1.154s] INFO:colcon.colcon_core.shell:Creating environment hook '/home/astralgenius/workspace/isaac-sim-robot-control/ros2_ws/build/robot_bringup/share/robot_bringup/hook/pythonpath_develop.ps1'
[1.154s] DEBUG:colcon.colcon_core.event_handler.log_command:Invoked command in '/home/astralgenius/workspace/isaac-sim-robot-control/ros2_ws/build/robot_bringup' returned '0': DEBUGINFOD_URLS=https://debuginfod.ubuntu.com PYTHONPATH=/home/astralgenius/workspace/isaac-sim-robot-control/ros2_ws/build/robot_bringup/prefix_override:/usr/lib/python3/dist-packages/colcon_core/task/python/colcon_distutils_commands:/home/astralgenius/workspace/isaac-sim-robot-control/ros2_ws/install/robot_bringup/lib/python3.12/site-packages:${PYTHONPATH} /usr/bin/python3 -W ignore:setup.py install is deprecated -W ignore:easy_install command is deprecated setup.py develop --editable --build-directory /home/astralgenius/workspace/isaac-sim-robot-control/ros2_ws/build/robot_bringup/build --no-deps symlink_data
[1.154s] INFO:colcon.colcon_core.shell:Creating environment descriptor '/home/astralgenius/workspace/isaac-sim-robot-control/ros2_ws/build/robot_bringup/share/robot_bringup/hook/pythonpath_develop.dsv'
[1.155s] INFO:colcon.colcon_core.shell:Creating environment hook '/home/astralgenius/workspace/isaac-sim-robot-control/ros2_ws/build/robot_bringup/share/robot_bringup/hook/pythonpath_develop.sh'
[1.155s] Level 1:colcon.colcon_core.environment:checking '/home/astralgenius/workspace/isaac-sim-robot-control/ros2_ws/install/robot_bringup' for CMake module files
[1.155s] Level 1:colcon.colcon_core.environment:checking '/home/astralgenius/workspace/isaac-sim-robot-control/ros2_ws/install/robot_bringup' for CMake config files
[1.155s] Level 1:colcon.colcon_core.environment:checking '/home/astralgenius/workspace/isaac-sim-robot-control/ros2_ws/install/robot_bringup/lib'
[1.155s] Level 1:colcon.colcon_core.environment:checking '/home/astralgenius/workspace/isaac-sim-robot-control/ros2_ws/install/robot_bringup/bin'
[1.155s] Level 1:colcon.colcon_core.environment:checking '/home/astralgenius/workspace/isaac-sim-robot-control/ros2_ws/install/robot_bringup/lib/pkgconfig/robot_bringup.pc'
[1.156s] Level 1:colcon.colcon_core.environment:checking '/home/astralgenius/workspace/isaac-sim-robot-control/ros2_ws/install/robot_bringup/lib/python3.12/site-packages'
[1.156s] Level 1:colcon.colcon_core.shell:create_environment_hook('robot_bringup', 'pythonpath')
[1.156s] INFO:colcon.colcon_core.shell:Creating environment hook '/home/astralgenius/workspace/isaac-sim-robot-control/ros2_ws/install/robot_bringup/share/robot_bringup/hook/pythonpath.ps1'
[1.156s] INFO:colcon.colcon_core.shell:Creating environment descriptor '/home/astralgenius/workspace/isaac-sim-robot-control/ros2_ws/install/robot_bringup/share/robot_bringup/hook/pythonpath.dsv'
[1.156s] INFO:colcon.colcon_core.shell:Creating environment hook '/home/astralgenius/workspace/isaac-sim-robot-control/ros2_ws/install/robot_bringup/share/robot_bringup/hook/pythonpath.sh'
[1.156s] Level 1:colcon.colcon_core.environment:checking '/home/astralgenius/workspace/isaac-sim-robot-control/ros2_ws/install/robot_bringup/bin'
[1.156s] Level 1:colcon.colcon_core.environment:create_environment_scripts_only(robot_bringup)
[1.157s] INFO:colcon.colcon_core.shell:Creating package script '/home/astralgenius/workspace/isaac-sim-robot-control/ros2_ws/install/robot_bringup/share/robot_bringup/package.ps1'
[1.157s] INFO:colcon.colcon_core.shell:Creating package descriptor '/home/astralgenius/workspace/isaac-sim-robot-control/ros2_ws/install/robot_bringup/share/robot_bringup/package.dsv'
[1.157s] INFO:colcon.colcon_core.shell:Creating package script '/home/astralgenius/workspace/isaac-sim-robot-control/ros2_ws/install/robot_bringup/share/robot_bringup/package.sh'
[1.157s] INFO:colcon.colcon_core.shell:Creating package script '/home/astralgenius/workspace/isaac-sim-robot-control/ros2_ws/install/robot_bringup/share/robot_bringup/package.bash'
[1.157s] INFO:colcon.colcon_core.shell:Creating package script '/home/astralgenius/workspace/isaac-sim-robot-control/ros2_ws/install/robot_bringup/share/robot_bringup/package.zsh'
[1.158s] Level 1:colcon.colcon_core.environment:create_file_with_runtime_dependencies(/home/astralgenius/workspace/isaac-sim-robot-control/ros2_ws/install/robot_bringup/share/colcon-core/packages/robot_bringup)
[1.158s] Level 1:colcon.colcon_core.shell:create_environment_hook('robot_controller', 'pythonpath_develop')
[1.158s] INFO:colcon.colcon_core.shell:Creating environment hook '/home/astralgenius/workspace/isaac-sim-robot-control/ros2_ws/build/robot_controller/share/robot_controller/hook/pythonpath_develop.ps1'
[1.158s] DEBUG:colcon.colcon_core.event_handler.log_command:Invoked command in '/home/astralgenius/workspace/isaac-sim-robot-control/ros2_ws/build/robot_controller' returned '0': DEBUGINFOD_URLS=https://debuginfod.ubuntu.com PYTHONPATH=/home/astralgenius/workspace/isaac-sim-robot-control/ros2_ws/build/robot_controller/prefix_override:/usr/lib/python3/dist-packages/colcon_core/task/python/colcon_distutils_commands:/home/astralgenius/workspace/isaac-sim-robot-control/ros2_ws/install/robot_controller/lib/python3.12/site-packages:${PYTHONPATH} /usr/bin/python3 -W ignore:setup.py install is deprecated -W ignore:easy_install command is deprecated setup.py develop --editable --build-directory /home/astralgenius/workspace/isaac-sim-robot-control/ros2_ws/build/robot_controller/build --no-deps symlink_data
[1.158s] INFO:colcon.colcon_core.shell:Creating environment descriptor '/home/astralgenius/workspace/isaac-sim-robot-control/ros2_ws/build/robot_controller/share/robot_controller/hook/pythonpath_develop.dsv'
[1.159s] INFO:colcon.colcon_core.shell:Creating environment hook '/home/astralgenius/workspace/isaac-sim-robot-control/ros2_ws/build/robot_controller/share/robot_controller/hook/pythonpath_develop.sh'
[1.159s] Level 1:colcon.colcon_core.environment:checking '/home/astralgenius/workspace/isaac-sim-robot-control/ros2_ws/install/robot_controller' for CMake module files
[1.159s] Level 1:colcon.colcon_core.environment:checking '/home/astralgenius/workspace/isaac-sim-robot-control/ros2_ws/install/robot_controller' for CMake config files
[1.159s] Level 1:colcon.colcon_core.environment:checking '/home/astralgenius/workspace/isaac-sim-robot-control/ros2_ws/install/robot_controller/lib'
[1.159s] Level 1:colcon.colcon_core.environment:checking '/home/astralgenius/workspace/isaac-sim-robot-control/ros2_ws/install/robot_controller/bin'
[1.159s] Level 1:colcon.colcon_core.environment:checking '/home/astralgenius/workspace/isaac-sim-robot-control/ros2_ws/install/robot_controller/lib/pkgconfig/robot_controller.pc'
[1.160s] Level 1:colcon.colcon_core.environment:checking '/home/astralgenius/workspace/isaac-sim-robot-control/ros2_ws/install/robot_controller/lib/python3.12/site-packages'
[1.160s] Level 1:colcon.colcon_core.shell:create_environment_hook('robot_controller', 'pythonpath')
[1.160s] INFO:colcon.colcon_core.shell:Creating environment hook '/home/astralgenius/workspace/isaac-sim-robot-control/ros2_ws/install/robot_controller/share/robot_controller/hook/pythonpath.ps1'
[1.160s] INFO:colcon.colcon_core.shell:Creating environment descriptor '/home/astralgenius/workspace/isaac-sim-robot-control/ros2_ws/install/robot_controller/share/robot_controller/hook/pythonpath.dsv'
[1.160s] INFO:colcon.colcon_core.shell:Creating environment hook '/home/astralgenius/workspace/isaac-sim-robot-control/ros2_ws/install/robot_controller/share/robot_controller/hook/pythonpath.sh'
[1.160s] Level 1:colcon.colcon_core.environment:checking '/home/astralgenius/workspace/isaac-sim-robot-control/ros2_ws/install/robot_controller/bin'
[1.160s] Level 1:colcon.colcon_core.environment:create_environment_scripts_only(robot_controller)
[1.160s] INFO:colcon.colcon_core.shell:Creating package script '/home/astralgenius/workspace/isaac-sim-robot-control/ros2_ws/install/robot_controller/share/robot_controller/package.ps1'
[1.161s] INFO:colcon.colcon_core.shell:Creating package descriptor '/home/astralgenius/workspace/isaac-sim-robot-control/ros2_ws/install/robot_controller/share/robot_controller/package.dsv'
[1.161s] INFO:colcon.colcon_core.shell:Creating package script '/home/astralgenius/workspace/isaac-sim-robot-control/ros2_ws/install/robot_controller/share/robot_controller/package.sh'
[1.161s] INFO:colcon.colcon_core.shell:Creating package script '/home/astralgenius/workspace/isaac-sim-robot-control/ros2_ws/install/robot_controller/share/robot_controller/package.bash'
[1.161s] INFO:colcon.colcon_core.shell:Creating package script '/home/astralgenius/workspace/isaac-sim-robot-control/ros2_ws/install/robot_controller/share/robot_controller/package.zsh'
[1.161s] Level 1:colcon.colcon_core.environment:create_file_with_runtime_dependencies(/home/astralgenius/workspace/isaac-sim-robot-control/ros2_ws/install/robot_controller/share/colcon-core/packages/robot_controller)
[1.162s] DEBUG:colcon.colcon_parallel_executor.executor.parallel:closing loop
[1.162s] DEBUG:colcon.colcon_parallel_executor.executor.parallel:loop closed
[1.162s] DEBUG:colcon.colcon_parallel_executor.executor.parallel:run_until_complete finished with '0'
[1.162s] DEBUG:colcon.colcon_core.event_reactor:joining thread
[1.165s] INFO:colcon.colcon_core.plugin_system:Skipping extension 'colcon_notification.desktop_notification.terminal_notifier': Not used on non-Darwin systems
[1.165s] INFO:colcon.colcon_core.plugin_system:Skipping extension 'colcon_notification.desktop_notification.win32': Not used on non-Windows systems
[1.165s] INFO:colcon.colcon_notification.desktop_notification:Sending desktop notification using 'notify2'
[1.184s] DEBUG:colcon.colcon_core.event_reactor:joined thread
[1.184s] INFO:colcon.colcon_core.shell:Creating prefix script '/home/astralgenius/workspace/isaac-sim-robot-control/ros2_ws/install/local_setup.ps1'
[1.185s] INFO:colcon.colcon_core.shell:Creating prefix util module '/home/astralgenius/workspace/isaac-sim-robot-control/ros2_ws/install/_local_setup_util_ps1.py'
[1.185s] INFO:colcon.colcon_core.shell:Creating prefix chain script '/home/astralgenius/workspace/isaac-sim-robot-control/ros2_ws/install/setup.ps1'
[1.186s] INFO:colcon.colcon_core.shell:Creating prefix script '/home/astralgenius/workspace/isaac-sim-robot-control/ros2_ws/install/local_setup.sh'
[1.186s] INFO:colcon.colcon_core.shell:Creating prefix util module '/home/astralgenius/workspace/isaac-sim-robot-control/ros2_ws/install/_local_setup_util_sh.py'
[1.187s] INFO:colcon.colcon_core.shell:Creating prefix chain script '/home/astralgenius/workspace/isaac-sim-robot-control/ros2_ws/install/setup.sh'
[1.187s] INFO:colcon.colcon_core.shell:Creating prefix script '/home/astralgenius/workspace/isaac-sim-robot-control/ros2_ws/install/local_setup.bash'
[1.188s] INFO:colcon.colcon_core.shell:Creating prefix chain script '/home/astralgenius/workspace/isaac-sim-robot-control/ros2_ws/install/setup.bash'
[1.188s] INFO:colcon.colcon_core.shell:Creating prefix script '/home/astralgenius/workspace/isaac-sim-robot-control/ros2_ws/install/local_setup.zsh'
[1.188s] INFO:colcon.colcon_core.shell:Creating prefix chain script '/home/astralgenius/workspace/isaac-sim-robot-control/ros2_ws/install/setup.zsh'
